  [1m[35m (1.1ms)[0m  [1m[35mCREATE TABLE "schema_migrations" ("version" varchar NOT NULL PRIMARY KEY)[0m
  [1m[35m (0.7ms)[0m  [1m[35mCREATE TABLE "ar_internal_metadata" ("key" varchar NOT NULL PRIMARY KEY, "value" varchar, "created_at" datetime(6) NOT NULL, "updated_at" datetime(6) NOT NULL)[0m
  [1m[36mActiveRecord::InternalMetadata Load (0.3ms)[0m  [1m[34mSELECT "ar_internal_metadata".* FROM "ar_internal_metadata" WHERE "ar_internal_metadata"."key" = ? LIMIT ?[0m  [["key", "environment"], ["LIMIT", 1]]
  [1m[36mTRANSACTION (0.0ms)[0m  [1m[36mbegin transaction[0m
  [1m[36mActiveRecord::InternalMetadata Create (0.2ms)[0m  [1m[32mINSERT INTO "ar_internal_metadata" ("key", "value", "created_at", "updated_at") VALUES (?, ?, ?, ?)[0m  [["key", "environment"], ["value", "development"], ["created_at", "2023-05-23 01:18:23.976626"], ["updated_at", "2023-05-23 01:18:23.976626"]]
  [1m[36mTRANSACTION (0.5ms)[0m  [1m[36mcommit transaction[0m
  [1m[36mActiveRecord::SchemaMigration Pluck (0.1ms)[0m  [1m[34mSELECT "schema_migrations"."version" FROM "schema_migrations" ORDER BY "schema_migrations"."version" ASC[0m
  [1m[36mActiveRecord::SchemaMigration Pluck (0.1ms)[0m  [1m[34mSELECT "schema_migrations"."version" FROM "schema_migrations" ORDER BY "schema_migrations"."version" ASC[0m
Started GET "/" for ::1 at 2023-05-23 10:28:07 +0900
  [1m[36mActiveRecord::SchemaMigration Pluck (0.2ms)[0m  [1m[34mSELECT "schema_migrations"."version" FROM "schema_migrations" ORDER BY "schema_migrations"."version" ASC[0m
Processing by Rails::WelcomeController#index as HTML
  Rendering /Users/kawaiota/.rbenv/versions/3.1.3/lib/ruby/gems/3.1.0/gems/railties-7.0.4.3/lib/rails/templates/rails/welcome/index.html.erb
  Rendered /Users/kawaiota/.rbenv/versions/3.1.3/lib/ruby/gems/3.1.0/gems/railties-7.0.4.3/lib/rails/templates/rails/welcome/index.html.erb (Duration: 3.5ms | Allocations: 635)
Completed 200 OK in 25ms (Views: 11.1ms | ActiveRecord: 0.0ms | Allocations: 5086)


Started GET "/" for ::1 at 2023-05-23 11:56:21 +0900
  [1m[36mActiveRecord::SchemaMigration Pluck (0.1ms)[0m  [1m[34mSELECT "schema_migrations"."version" FROM "schema_migrations" ORDER BY "schema_migrations"."version" ASC[0m
  [1m[36mCACHE ActiveRecord::SchemaMigration Pluck (0.0ms)[0m  [1m[34mSELECT "schema_migrations"."version" FROM "schema_migrations" ORDER BY "schema_migrations"."version" ASC[0m
  
ActiveRecord::PendingMigrationError (

Migrations are pending. To resolve this issue, run:

        bin/rails db:migrate RAILS_ENV=development

You have 1 pending migration:

20230523024708_create_people.rb


):
  
activerecord (7.0.4.3) lib/active_record/migration.rb:627:in `check_pending!'
activerecord (7.0.4.3) lib/active_record/migration.rb:592:in `block (2 levels) in call'
activesupport (7.0.4.3) lib/active_support/file_update_checker.rb:83:in `execute'
activesupport (7.0.4.3) lib/active_support/file_update_checker.rb:93:in `execute_if_updated'
activerecord (7.0.4.3) lib/active_record/migration.rb:599:in `block in call'
activerecord (7.0.4.3) lib/active_record/migration.rb:589:in `synchronize'
activerecord (7.0.4.3) lib/active_record/migration.rb:589:in `call'
actionpack (7.0.4.3) lib/action_dispatch/middleware/callbacks.rb:27:in `block in call'
activesupport (7.0.4.3) lib/active_support/callbacks.rb:99:in `run_callbacks'
actionpack (7.0.4.3) lib/action_dispatch/middleware/callbacks.rb:26:in `call'
actionpack (7.0.4.3) lib/action_dispatch/middleware/executor.rb:14:in `call'
actionpack (7.0.4.3) lib/action_dispatch/middleware/actionable_exceptions.rb:17:in `call'
actionpack (7.0.4.3) lib/action_dispatch/middleware/debug_exceptions.rb:28:in `call'
web-console (4.2.0) lib/web_console/middleware.rb:132:in `call_app'
web-console (4.2.0) lib/web_console/middleware.rb:28:in `block in call'
web-console (4.2.0) lib/web_console/middleware.rb:17:in `catch'
web-console (4.2.0) lib/web_console/middleware.rb:17:in `call'
actionpack (7.0.4.3) lib/action_dispatch/middleware/show_exceptions.rb:26:in `call'
railties (7.0.4.3) lib/rails/rack/logger.rb:40:in `call_app'
railties (7.0.4.3) lib/rails/rack/logger.rb:25:in `block in call'
activesupport (7.0.4.3) lib/active_support/tagged_logging.rb:99:in `block in tagged'
activesupport (7.0.4.3) lib/active_support/tagged_logging.rb:37:in `tagged'
activesupport (7.0.4.3) lib/active_support/tagged_logging.rb:99:in `tagged'
railties (7.0.4.3) lib/rails/rack/logger.rb:25:in `call'
sprockets-rails (3.4.2) lib/sprockets/rails/quiet_assets.rb:13:in `call'
actionpack (7.0.4.3) lib/action_dispatch/middleware/remote_ip.rb:93:in `call'
actionpack (7.0.4.3) lib/action_dispatch/middleware/request_id.rb:26:in `call'
rack (2.2.7) lib/rack/method_override.rb:24:in `call'
rack (2.2.7) lib/rack/runtime.rb:22:in `call'
activesupport (7.0.4.3) lib/active_support/cache/strategy/local_cache_middleware.rb:29:in `call'
actionpack (7.0.4.3) lib/action_dispatch/middleware/server_timing.rb:61:in `block in call'
actionpack (7.0.4.3) lib/action_dispatch/middleware/server_timing.rb:26:in `collect_events'
actionpack (7.0.4.3) lib/action_dispatch/middleware/server_timing.rb:60:in `call'
actionpack (7.0.4.3) lib/action_dispatch/middleware/executor.rb:14:in `call'
actionpack (7.0.4.3) lib/action_dispatch/middleware/static.rb:23:in `call'
rack (2.2.7) lib/rack/sendfile.rb:110:in `call'
actionpack (7.0.4.3) lib/action_dispatch/middleware/host_authorization.rb:137:in `call'
railties (7.0.4.3) lib/rails/engine.rb:530:in `call'
puma (5.6.5) lib/puma/configuration.rb:252:in `call'
puma (5.6.5) lib/puma/request.rb:77:in `block in handle_request'
puma (5.6.5) lib/puma/thread_pool.rb:340:in `with_force_shutdown'
puma (5.6.5) lib/puma/request.rb:76:in `handle_request'
puma (5.6.5) lib/puma/server.rb:443:in `process_client'
puma (5.6.5) lib/puma/thread_pool.rb:147:in `block in spawn_thread'
Started POST "/rails/actions" for ::1 at 2023-05-23 12:02:01 +0900
  [1m[36mActiveRecord::SchemaMigration Pluck (0.1ms)[0m  [1m[34mSELECT "schema_migrations"."version" FROM "schema_migrations" ORDER BY "schema_migrations"."version" ASC[0m
Migrating to CreatePeople (20230523024708)
  [1m[36mTRANSACTION (0.0ms)[0m  [1m[36mbegin transaction[0m
  [1m[35m (0.4ms)[0m  [1m[35mCREATE TABLE "people" ("id" integer PRIMARY KEY AUTOINCREMENT NOT NULL, "name" text, "age" integer, "main" text, "created_at" datetime(6) NOT NULL, "updated_at" datetime(6) NOT NULL)[0m
  [1m[36mActiveRecord::SchemaMigration Create (0.2ms)[0m  [1m[32mINSERT INTO "schema_migrations" ("version") VALUES (?)[0m  [["version", "20230523024708"]]
  [1m[36mTRANSACTION (0.7ms)[0m  [1m[36mcommit transaction[0m
  [1m[36mActiveRecord::InternalMetadata Load (0.1ms)[0m  [1m[34mSELECT "ar_internal_metadata".* FROM "ar_internal_metadata" WHERE "ar_internal_metadata"."key" = ? LIMIT ?[0m  [["key", "environment"], ["LIMIT", 1]]
  [1m[36mActiveRecord::SchemaMigration Pluck (0.1ms)[0m  [1m[34mSELECT "schema_migrations"."version" FROM "schema_migrations" ORDER BY "schema_migrations"."version" ASC[0m
Started GET "/" for ::1 at 2023-05-23 12:02:01 +0900
  [1m[36mActiveRecord::SchemaMigration Pluck (0.1ms)[0m  [1m[34mSELECT "schema_migrations"."version" FROM "schema_migrations" ORDER BY "schema_migrations"."version" ASC[0m
Processing by Rails::WelcomeController#index as HTML
  Rendering /Users/kawaiota/.rbenv/versions/3.1.3/lib/ruby/gems/3.1.0/gems/railties-7.0.4.3/lib/rails/templates/rails/welcome/index.html.erb
  Rendered /Users/kawaiota/.rbenv/versions/3.1.3/lib/ruby/gems/3.1.0/gems/railties-7.0.4.3/lib/rails/templates/rails/welcome/index.html.erb (Duration: 0.9ms | Allocations: 296)
Completed 200 OK in 3ms (Views: 1.7ms | ActiveRecord: 0.0ms | Allocations: 960)


  [1m[36mActiveRecord::SchemaMigration Pluck (0.1ms)[0m  [1m[34mSELECT "schema_migrations"."version" FROM "schema_migrations" ORDER BY "schema_migrations"."version" ASC[0m
  [1m[36mTRANSACTION (0.0ms)[0m  [1m[36mbegin transaction[0m
  [1m[36mPerson Create (0.3ms)[0m  [1m[32mINSERT INTO "people" ("name", "age", "main", "created_at", "updated_at") VALUES (?, ?, ?, ?, ?)[0m  [["name", "Taro"], ["age", 38], ["main", "taro@yamada"], ["created_at", "2023-05-23 03:19:01.947307"], ["updated_at", "2023-05-23 03:19:01.947307"]]
  [1m[36mTRANSACTION (0.7ms)[0m  [1m[36mcommit transaction[0m
  [1m[36mTRANSACTION (0.0ms)[0m  [1m[36mbegin transaction[0m
  [1m[36mPerson Create (0.3ms)[0m  [1m[32mINSERT INTO "people" ("name", "age", "main", "created_at", "updated_at") VALUES (?, ?, ?, ?, ?)[0m  [["name", "Hanako"], ["age", 34], ["main", "hanako@flower"], ["created_at", "2023-05-23 03:19:01.950781"], ["updated_at", "2023-05-23 03:19:01.950781"]]
  [1m[36mTRANSACTION (0.4ms)[0m  [1m[36mcommit transaction[0m
  [1m[36mTRANSACTION (0.0ms)[0m  [1m[36mbegin transaction[0m
  [1m[36mPerson Create (0.2ms)[0m  [1m[32mINSERT INTO "people" ("name", "age", "main", "created_at", "updated_at") VALUES (?, ?, ?, ?, ?)[0m  [["name", "sachiko"], ["age", 56], ["main", "sachiko@happy"], ["created_at", "2023-05-23 03:19:01.953380"], ["updated_at", "2023-05-23 03:19:01.953380"]]
  [1m[36mTRANSACTION (0.4ms)[0m  [1m[36mcommit transaction[0m
Started GET "/" for ::1 at 2023-05-23 14:13:44 +0900
Processing by Rails::WelcomeController#index as HTML
  Rendering /Users/kawaiota/.rbenv/versions/3.1.3/lib/ruby/gems/3.1.0/gems/railties-7.0.4.3/lib/rails/templates/rails/welcome/index.html.erb
  Rendered /Users/kawaiota/.rbenv/versions/3.1.3/lib/ruby/gems/3.1.0/gems/railties-7.0.4.3/lib/rails/templates/rails/welcome/index.html.erb (Duration: 0.8ms | Allocations: 295)
Completed 200 OK in 3ms (Views: 1.5ms | Allocations: 997)


Started GET "/people/index" for ::1 at 2023-05-23 14:16:04 +0900
Processing by PeopleController#index as HTML
  Rendering layout layouts/application.html.erb
  Rendering people/index.html.erb within layouts/application
  Rendered people/index.html.erb within layouts/application (Duration: 6.4ms | Allocations: 2785)
  Rendered layout layouts/application.html.erb (Duration: 8.3ms | Allocations: 2874)
Completed 500 Internal Server Error in 15ms (Allocations: 3836)


  
ActionView::Template::Error (undefined method `each' for "Person.all":String

'.freeze;  @data.each do |obj|
                ^^^^^):
    4:   <tr>
    5:     <th>Id</th><th>Name</th><th>Age</th><th>Main</th>
    6:   </tr>
    7:   <%@data.each do |obj|%>
    8:   <tr>
    9:     <td><%=obj.id%></td>
   10:     <td><%=obj.name%></td>
  
app/views/people/index.html.erb:7
Started GET "/people/index" for ::1 at 2023-05-23 14:17:09 +0900
Processing by PeopleController#index as HTML
  Rendering layout layouts/application.html.erb
  Rendering people/index.html.erb within layouts/application
  [1m[36mPerson Load (0.1ms)[0m  [1m[34mSELECT "people".* FROM "people"[0m
  ↳ app/views/people/index.html.erb:7
  Rendered people/index.html.erb within layouts/application (Duration: 6.2ms | Allocations: 4306)
  Rendered layout layouts/application.html.erb (Duration: 992.1ms | Allocations: 96793)
Completed 200 OK in 995ms (Views: 993.1ms | ActiveRecord: 0.7ms | Allocations: 98145)


Started GET "/people/index" for ::1 at 2023-05-23 14:22:59 +0900
Processing by PeopleController#index as HTML
  [1m[36mPerson Load (0.1ms)[0m  [1m[34mSELECT "people".* FROM "people"[0m
  ↳ app/controllers/people_controller.rb:3:in `index'
  Rendering layout layouts/application.html.erb
  Rendering people/index.html.erb within layouts/application
  Rendered people/index.html.erb within layouts/application (Duration: 6.7ms | Allocations: 2771)
  Rendered layout layouts/application.html.erb (Duration: 6.9ms | Allocations: 2859)
Completed 500 Internal Server Error in 13ms (ActiveRecord: 0.3ms | Allocations: 7232)


  
ActionView::Template::Error (undefined method `each' for "[{\"id\":1,\"name\":\"Taro\",\"age\":38,\"main\":\"taro@yamada\",\"created_at\":\"2023-05-23T03:19:01.947Z\",\"updated_at\":\"2023-05-23T03:19:01.947Z\"},{\"id\":2,\"name\":\"Hanako\",\"age\":34,\"main\":\"hanako@flower\",\"created_at\":\"2023-05-23T03:19:01.950Z\",\"updated_at\":\"2023-05-23T03:19:01.950Z\"},{\"id\":3,\"name\":\"sachiko\",\"age\":56,\"main\":\"sachiko@happy\",\"created_at\":\"2023-05-23T03:19:01.953Z\",\"updated_at\":\"2023-05-23T03:19:01.953Z\"}]":String

'.freeze;   @data.each do |obj| 
                 ^^^^^):
     9:     <th>Age</th>
    10:     <th>Main</th>
    11:   </tr>
    12:   <% @data.each do |obj| %>
    13:     <tr>
    14:       <td><%= obj['id'] %></td>
    15:       <td><%= obj['name'] %></td>
  
app/views/people/index.html.erb:12
Started GET "/people/index" for ::1 at 2023-05-23 14:24:36 +0900
Processing by PeopleController#index as HTML
  Rendering layout layouts/application.html.erb
  Rendering people/index.html.erb within layouts/application
  Rendered people/index.html.erb within layouts/application (Duration: 1.3ms | Allocations: 1205)
  Rendered layout layouts/application.html.erb (Duration: 1.5ms | Allocations: 1293)
Completed 500 Internal Server Error in 5ms (Allocations: 2966)


  
ActionView::Template::Error (no implicit conversion of Person::ActiveRecord_Relation into String):
     9:     <th>Age</th>
    10:     <th>Main</th>
    11:   </tr>
    12:   <% JSON.parse(@data).each do |obj| %>
    13:     <tr>
    14:       <td><%= obj['id'] %></td>
    15:       <td><%= obj['name'] %></td>
  
app/views/people/index.html.erb:12
Started GET "/people/index" for ::1 at 2023-05-23 14:25:34 +0900
Processing by PeopleController#index as HTML
  [1m[36mPerson Load (1.5ms)[0m  [1m[34mSELECT "people".* FROM "people"[0m
  ↳ app/controllers/people_controller.rb:3:in `index'
  Rendering layout layouts/application.html.erb
  Rendering people/index.html.erb within layouts/application
  Rendered people/index.html.erb within layouts/application (Duration: 0.1ms | Allocations: 59)
  Rendered layout layouts/application.html.erb (Duration: 18.4ms | Allocations: 14172)
Completed 200 OK in 27ms (Views: 19.4ms | ActiveRecord: 2.2ms | Allocations: 18574)


Started GET "/people/index" for ::1 at 2023-05-23 14:44:35 +0900
Processing by PeopleController#index as HTML
  [1m[36mPerson Load (0.1ms)[0m  [1m[34mSELECT "people".* FROM "people"[0m
  ↳ app/controllers/people_controller.rb:3:in `index'
  Rendering layout layouts/application.html.erb
  Rendering people/index.html.erb within layouts/application
  Rendered people/index.html.erb within layouts/application (Duration: 0.1ms | Allocations: 47)
  Rendered layout layouts/application.html.erb (Duration: 2.8ms | Allocations: 2401)
Completed 200 OK in 6ms (Views: 3.2ms | ActiveRecord: 0.3ms | Allocations: 3876)


Started GET "/people/index" for ::1 at 2023-05-23 14:44:36 +0900
Processing by PeopleController#index as HTML
  [1m[36mPerson Load (0.1ms)[0m  [1m[34mSELECT "people".* FROM "people"[0m
  ↳ app/controllers/people_controller.rb:3:in `index'
  Rendering layout layouts/application.html.erb
  Rendering people/index.html.erb within layouts/application
  Rendered people/index.html.erb within layouts/application (Duration: 0.1ms | Allocations: 47)
  Rendered layout layouts/application.html.erb (Duration: 2.6ms | Allocations: 2413)
Completed 200 OK in 4ms (Views: 2.9ms | ActiveRecord: 0.1ms | Allocations: 3581)


Started GET "/people/index" for ::1 at 2023-05-23 14:44:36 +0900
Processing by PeopleController#index as HTML
  [1m[36mPerson Load (0.1ms)[0m  [1m[34mSELECT "people".* FROM "people"[0m
  ↳ app/controllers/people_controller.rb:3:in `index'
  Rendering layout layouts/application.html.erb
  Rendering people/index.html.erb within layouts/application
  Rendered people/index.html.erb within layouts/application (Duration: 0.1ms | Allocations: 47)
  Rendered layout layouts/application.html.erb (Duration: 2.7ms | Allocations: 2419)
Completed 200 OK in 5ms (Views: 3.2ms | ActiveRecord: 0.1ms | Allocations: 3587)


Started GET "/people/index" for ::1 at 2023-05-23 15:19:29 +0900
Processing by PeopleController#index as HTML
  [1m[36mPerson Load (0.1ms)[0m  [1m[34mSELECT "people".* FROM "people"[0m
  ↳ app/controllers/people_controller.rb:3:in `index'
  Rendering layout layouts/application.html.erb
  Rendering people/index.html.erb within layouts/application
  Rendered people/index.html.erb within layouts/application (Duration: 0.7ms | Allocations: 328)
  Rendered layout layouts/application.html.erb (Duration: 11.5ms | Allocations: 14428)
Completed 200 OK in 21ms (Views: 14.5ms | ActiveRecord: 0.4ms | Allocations: 18756)


Started GET "/people/index" for ::1 at 2023-05-23 15:19:30 +0900
Processing by PeopleController#index as HTML
  [1m[36mPerson Load (0.1ms)[0m  [1m[34mSELECT "people".* FROM "people"[0m
  ↳ app/controllers/people_controller.rb:3:in `index'
  Rendering layout layouts/application.html.erb
  Rendering people/index.html.erb within layouts/application
  Rendered people/index.html.erb within layouts/application (Duration: 0.1ms | Allocations: 47)
  Rendered layout layouts/application.html.erb (Duration: 2.8ms | Allocations: 2419)
Completed 200 OK in 5ms (Views: 3.1ms | ActiveRecord: 0.1ms | Allocations: 3706)


Started GET "/people/index" for ::1 at 2023-05-23 15:19:31 +0900
Processing by PeopleController#index as HTML
  [1m[36mPerson Load (0.1ms)[0m  [1m[34mSELECT "people".* FROM "people"[0m
  ↳ app/controllers/people_controller.rb:3:in `index'
  Rendering layout layouts/application.html.erb
  Rendering people/index.html.erb within layouts/application
  Rendered people/index.html.erb within layouts/application (Duration: 0.1ms | Allocations: 47)
  Rendered layout layouts/application.html.erb (Duration: 2.5ms | Allocations: 2398)
Completed 200 OK in 4ms (Views: 2.9ms | ActiveRecord: 0.1ms | Allocations: 3566)


Started GET "/people/index" for ::1 at 2023-05-23 15:19:31 +0900
Processing by PeopleController#index as HTML
  [1m[36mPerson Load (0.1ms)[0m  [1m[34mSELECT "people".* FROM "people"[0m
  ↳ app/controllers/people_controller.rb:3:in `index'
  Rendering layout layouts/application.html.erb
  Rendering people/index.html.erb within layouts/application
  Rendered people/index.html.erb within layouts/application (Duration: 0.1ms | Allocations: 47)
  Rendered layout layouts/application.html.erb (Duration: 2.5ms | Allocations: 2422)
Completed 200 OK in 4ms (Views: 2.7ms | ActiveRecord: 0.1ms | Allocations: 3590)


Started GET "/people/index" for ::1 at 2023-05-23 15:19:31 +0900
Processing by PeopleController#index as HTML
  [1m[36mPerson Load (0.1ms)[0m  [1m[34mSELECT "people".* FROM "people"[0m
  ↳ app/controllers/people_controller.rb:3:in `index'
  Rendering layout layouts/application.html.erb
  Rendering people/index.html.erb within layouts/application
  Rendered people/index.html.erb within layouts/application (Duration: 0.1ms | Allocations: 47)
  Rendered layout layouts/application.html.erb (Duration: 3.5ms | Allocations: 2405)
Completed 200 OK in 6ms (Views: 3.9ms | ActiveRecord: 0.1ms | Allocations: 3593)


Started GET "/people/index" for ::1 at 2023-05-23 15:19:32 +0900
Processing by PeopleController#index as HTML
  [1m[36mPerson Load (0.1ms)[0m  [1m[34mSELECT "people".* FROM "people"[0m
  ↳ app/controllers/people_controller.rb:3:in `index'
  Rendering layout layouts/application.html.erb
  Rendering people/index.html.erb within layouts/application
  Rendered people/index.html.erb within layouts/application (Duration: 0.1ms | Allocations: 47)
  Rendered layout layouts/application.html.erb (Duration: 2.6ms | Allocations: 2413)
Completed 200 OK in 4ms (Views: 2.9ms | ActiveRecord: 0.1ms | Allocations: 3581)


Started GET "/people/index" for ::1 at 2023-05-23 15:19:33 +0900
Processing by PeopleController#index as HTML
  [1m[36mPerson Load (0.1ms)[0m  [1m[34mSELECT "people".* FROM "people"[0m
  ↳ app/controllers/people_controller.rb:3:in `index'
  Rendering layout layouts/application.html.erb
  Rendering people/index.html.erb within layouts/application
  Rendered people/index.html.erb within layouts/application (Duration: 0.1ms | Allocations: 47)
  Rendered layout layouts/application.html.erb (Duration: 2.4ms | Allocations: 2395)
Completed 200 OK in 4ms (Views: 2.7ms | ActiveRecord: 0.1ms | Allocations: 3563)


Started GET "/people/index" for ::1 at 2023-05-23 15:19:34 +0900
Processing by PeopleController#index as HTML
  [1m[36mPerson Load (0.1ms)[0m  [1m[34mSELECT "people".* FROM "people"[0m
  ↳ app/controllers/people_controller.rb:3:in `index'
  Rendering layout layouts/application.html.erb
  Rendering people/index.html.erb within layouts/application
  Rendered people/index.html.erb within layouts/application (Duration: 0.1ms | Allocations: 47)
  Rendered layout layouts/application.html.erb (Duration: 2.5ms | Allocations: 2395)
Completed 200 OK in 4ms (Views: 2.7ms | ActiveRecord: 0.1ms | Allocations: 3563)


Started GET "/people/index" for ::1 at 2023-05-23 15:19:44 +0900
Processing by PeopleController#index as HTML
  Rendering layout layouts/application.html.erb
  Rendering people/index.html.erb within layouts/application
  Rendered people/index.html.erb within layouts/application (Duration: 0.4ms | Allocations: 960)
  Rendered layout layouts/application.html.erb (Duration: 0.5ms | Allocations: 1048)
Completed 500 Internal Server Error in 2ms (Allocations: 1641)


  
ActionView::Template::Error (no implicit conversion of nil into String):
     9:     <th>Age</th>
    10:     <th>Main</th>
    11:   </tr>
    12:   <% JSON.parse(@data).each do |obj| %>
    13:     <tr>
    14:       <td><%= obj['id'] %></td>
    15:       <td><%= obj['name'] %></td>
  
app/views/people/index.html.erb:12
Started GET "/people/index" for ::1 at 2023-05-23 15:19:45 +0900
Processing by PeopleController#index as HTML
  Rendering layout layouts/application.html.erb
  Rendering people/index.html.erb within layouts/application
  Rendered people/index.html.erb within layouts/application (Duration: 0.7ms | Allocations: 944)
  Rendered layout layouts/application.html.erb (Duration: 0.8ms | Allocations: 1023)
Completed 500 Internal Server Error in 1ms (Allocations: 1273)


  
ActionView::Template::Error (no implicit conversion of nil into String):
     9:     <th>Age</th>
    10:     <th>Main</th>
    11:   </tr>
    12:   <% JSON.parse(@data).each do |obj| %>
    13:     <tr>
    14:       <td><%= obj['id'] %></td>
    15:       <td><%= obj['name'] %></td>
  
app/views/people/index.html.erb:12
Started GET "/people/index" for ::1 at 2023-05-23 15:21:17 +0900
Processing by PeopleController#index as HTML
  Rendering layout layouts/application.html.erb
  Rendering people/index.html.erb within layouts/application
  Rendered people/index.html.erb within layouts/application (Duration: 1.3ms | Allocations: 1221)
  Rendered layout layouts/application.html.erb (Duration: 2.0ms | Allocations: 1309)
Completed 500 Internal Server Error in 5ms (Allocations: 1994)


  
ActionView::Template::Error (no implicit conversion of nil into String):
     9:     <th>Age</th>
    10:     <th>Main</th>
    11:   </tr>
    12:   <% JSON.parse(@data).each do |obj| %>
    13:     <tr>
    14:       <td><%= obj['id'] %></td>
    15:       <td><%= obj['name'] %></td>
  
app/views/people/index.html.erb:12
Started GET "/people/index" for ::1 at 2023-05-23 15:21:18 +0900
Processing by PeopleController#index as HTML
  Rendering layout layouts/application.html.erb
  Rendering people/index.html.erb within layouts/application
  Rendered people/index.html.erb within layouts/application (Duration: 0.6ms | Allocations: 946)
  Rendered layout layouts/application.html.erb (Duration: 0.7ms | Allocations: 1025)
Completed 500 Internal Server Error in 2ms (Allocations: 1276)


  
ActionView::Template::Error (no implicit conversion of nil into String):
     9:     <th>Age</th>
    10:     <th>Main</th>
    11:   </tr>
    12:   <% JSON.parse(@data).each do |obj| %>
    13:     <tr>
    14:       <td><%= obj['id'] %></td>
    15:       <td><%= obj['name'] %></td>
  
app/views/people/index.html.erb:12
Started GET "/people/index" for ::1 at 2023-05-23 15:21:19 +0900
Processing by PeopleController#index as HTML
  Rendering layout layouts/application.html.erb
  Rendering people/index.html.erb within layouts/application
  Rendered people/index.html.erb within layouts/application (Duration: 0.3ms | Allocations: 946)
  Rendered layout layouts/application.html.erb (Duration: 0.5ms | Allocations: 1025)
Completed 500 Internal Server Error in 2ms (Allocations: 1258)


  
ActionView::Template::Error (no implicit conversion of nil into String):
     9:     <th>Age</th>
    10:     <th>Main</th>
    11:   </tr>
    12:   <% JSON.parse(@data).each do |obj| %>
    13:     <tr>
    14:       <td><%= obj['id'] %></td>
    15:       <td><%= obj['name'] %></td>
  
app/views/people/index.html.erb:12
Started GET "/people/index" for ::1 at 2023-05-23 15:21:20 +0900
Processing by PeopleController#index as HTML
  Rendering layout layouts/application.html.erb
  Rendering people/index.html.erb within layouts/application
  Rendered people/index.html.erb within layouts/application (Duration: 0.6ms | Allocations: 946)
  Rendered layout layouts/application.html.erb (Duration: 0.7ms | Allocations: 1025)
Completed 500 Internal Server Error in 1ms (Allocations: 1258)


  
ActionView::Template::Error (no implicit conversion of nil into String):
     9:     <th>Age</th>
    10:     <th>Main</th>
    11:   </tr>
    12:   <% JSON.parse(@data).each do |obj| %>
    13:     <tr>
    14:       <td><%= obj['id'] %></td>
    15:       <td><%= obj['name'] %></td>
  
app/views/people/index.html.erb:12
Started GET "/people/index" for ::1 at 2023-05-23 15:22:20 +0900
Processing by PeopleController#index as HTML
  Rendering layout layouts/application.html.erb
  Rendering people/index.html.erb within layouts/application
  Rendered people/index.html.erb within layouts/application (Duration: 0.3ms | Allocations: 120)
  Rendered layout layouts/application.html.erb (Duration: 17.2ms | Allocations: 14209)
Completed 200 OK in 19ms (Views: 18.8ms | Allocations: 14934)


Started GET "/people/index" for ::1 at 2023-05-23 15:22:21 +0900
Processing by PeopleController#index as HTML
  Rendering layout layouts/application.html.erb
  Rendering people/index.html.erb within layouts/application
  Rendered people/index.html.erb within layouts/application (Duration: 0.0ms | Allocations: 7)
  Rendered layout layouts/application.html.erb (Duration: 2.7ms | Allocations: 2370)
Completed 200 OK in 3ms (Views: 3.0ms | Allocations: 2645)


Started GET "/people/index" for ::1 at 2023-05-23 15:22:25 +0900
Processing by PeopleController#index as HTML
  Rendering layout layouts/application.html.erb
  Rendering people/index.html.erb within layouts/application
  Rendered people/index.html.erb within layouts/application (Duration: 0.0ms | Allocations: 7)
  Rendered layout layouts/application.html.erb (Duration: 4.1ms | Allocations: 2358)
Completed 200 OK in 5ms (Views: 4.5ms | Allocations: 2615)


Started GET "/people/1" for ::1 at 2023-05-23 15:22:57 +0900
Processing by PeopleController#show as HTML
  Parameters: {"id"=>"1"}
  [1m[36mPerson Load (0.1ms)[0m  [1m[34mSELECT "people".* FROM "people" WHERE "people"."id" = ? LIMIT ?[0m  [["id", 1], ["LIMIT", 1]]
  ↳ app/controllers/people_controller.rb:13:in `show'
  Rendering layout layouts/application.html.erb
  Rendering people/show.html.erb within layouts/application
  Rendered people/show.html.erb within layouts/application (Duration: 0.8ms | Allocations: 241)
  Rendered layout layouts/application.html.erb (Duration: 5.2ms | Allocations: 2776)
Completed 200 OK in 20ms (Views: 5.5ms | ActiveRecord: 0.8ms | Allocations: 9259)


Started GET "/people/1" for ::1 at 2023-05-23 15:23:13 +0900
Processing by PeopleController#show as HTML
  Parameters: {"id"=>"1"}
  [1m[36mPerson Load (0.1ms)[0m  [1m[34mSELECT "people".* FROM "people" WHERE "people"."id" = ? LIMIT ?[0m  [["id", 1], ["LIMIT", 1]]
  ↳ app/controllers/people_controller.rb:13:in `show'
  Rendering layout layouts/application.html.erb
  Rendering people/show.html.erb within layouts/application
  Rendered people/show.html.erb within layouts/application (Duration: 0.5ms | Allocations: 226)
  Rendered layout layouts/application.html.erb (Duration: 15.9ms | Allocations: 14303)
Completed 200 OK in 23ms (Views: 17.5ms | ActiveRecord: 0.6ms | Allocations: 19082)


Started GET "/people/1" for ::1 at 2023-05-23 16:09:37 +0900
Processing by PeopleController#show as HTML
  Parameters: {"id"=>"1"}
  [1m[36mPerson Load (0.1ms)[0m  [1m[34mSELECT "people".* FROM "people" WHERE "people"."id" = ? LIMIT ?[0m  [["id", 1], ["LIMIT", 1]]
  ↳ app/controllers/people_controller.rb:13:in `show'
  Rendering layout layouts/application.html.erb
  Rendering people/show.html.erb within layouts/application
  Rendered people/show.html.erb within layouts/application (Duration: 0.5ms | Allocations: 219)
  Rendered layout layouts/application.html.erb (Duration: 4.6ms | Allocations: 3044)
Completed 200 OK in 9ms (Views: 6.0ms | ActiveRecord: 0.3ms | Allocations: 4604)


Started GET "/people/1" for ::1 at 2023-05-23 16:09:38 +0900
Processing by PeopleController#show as HTML
  Parameters: {"id"=>"1"}
  [1m[36mPerson Load (0.1ms)[0m  [1m[34mSELECT "people".* FROM "people" WHERE "people"."id" = ? LIMIT ?[0m  [["id", 1], ["LIMIT", 1]]
  ↳ app/controllers/people_controller.rb:13:in `show'
  Rendering layout layouts/application.html.erb
  Rendering people/show.html.erb within layouts/application
  Rendered people/show.html.erb within layouts/application (Duration: 0.0ms | Allocations: 16)
  Rendered layout layouts/application.html.erb (Duration: 2.8ms | Allocations: 2356)
Completed 200 OK in 4ms (Views: 3.1ms | ActiveRecord: 0.1ms | Allocations: 3160)


Started GET "/people" for ::1 at 2023-05-23 16:09:43 +0900
  
ActionController::RoutingError (No route matches [GET] "/people"):
  
Started GET "/people" for ::1 at 2023-05-23 16:11:07 +0900
  
ActionController::RoutingError (No route matches [GET] "/people"):
  
Started GET "/people" for ::1 at 2023-05-23 16:11:07 +0900
  
ActionController::RoutingError (No route matches [GET] "/people"):
  
Started GET "/people" for ::1 at 2023-05-23 16:11:52 +0900
  
ActionController::RoutingError (No route matches [GET] "/people"):
  
Started GET "/people" for ::1 at 2023-05-23 16:11:52 +0900
  
ActionController::RoutingError (No route matches [GET] "/people"):
  
Started GET "/people/1" for ::1 at 2023-05-23 16:11:56 +0900
Processing by PeopleController#show as HTML
  Parameters: {"id"=>"1"}
  [1m[36mPerson Load (0.1ms)[0m  [1m[34mSELECT "people".* FROM "people" WHERE "people"."id" = ? LIMIT ?[0m  [["id", 1], ["LIMIT", 1]]
  ↳ app/controllers/people_controller.rb:13:in `show'
  Rendering layout layouts/application.html.erb
  Rendering people/show.html.erb within layouts/application
  Rendered people/show.html.erb within layouts/application (Duration: 0.9ms | Allocations: 217)
  Rendered layout layouts/application.html.erb (Duration: 3.8ms | Allocations: 3051)
Completed 200 OK in 8ms (Views: 5.2ms | ActiveRecord: 0.1ms | Allocations: 4396)


Started GET "/people/" for ::1 at 2023-05-23 16:15:06 +0900
  
ActionController::RoutingError (No route matches [GET] "/people"):
  
Started GET "/people/" for ::1 at 2023-05-23 16:18:22 +0900
  
ActionController::RoutingError (No route matches [GET] "/people"):
  
Started GET "/people/" for ::1 at 2023-05-23 16:19:40 +0900
Processing by PeopleController#index as HTML
  [1m[36mPerson Load (0.1ms)[0m  [1m[34mSELECT "people".* FROM "people"[0m
  ↳ app/controllers/people_controller.rb:3:in `index'
  Rendering layout layouts/application.html.erb
  Rendering people/index.html.erb within layouts/application
  Rendered people/index.html.erb within layouts/application (Duration: 2.6ms | Allocations: 2699)
  Rendered layout layouts/application.html.erb (Duration: 2.8ms | Allocations: 2787)
Completed 500 Internal Server Error in 10ms (ActiveRecord: 0.3ms | Allocations: 7058)


  
ActionView::Template::Error (undefined method `each' for "[{\"id\":1,\"name\":\"Taro\",\"age\":38,\"main\":\"taro@yamada\",\"created_at\":\"2023-05-23T03:19:01.947Z\",\"updated_at\":\"2023-05-23T03:19:01.947Z\"},{\"id\":2,\"name\":\"Hanako\",\"age\":34,\"main\":\"hanako@flower\",\"created_at\":\"2023-05-23T03:19:01.950Z\",\"updated_at\":\"2023-05-23T03:19:01.950Z\"},{\"id\":3,\"name\":\"sachiko\",\"age\":56,\"main\":\"sachiko@happy\",\"created_at\":\"2023-05-23T03:19:01.953Z\",\"updated_at\":\"2023-05-23T03:19:01.953Z\"}]":String

'.freeze;   @data.each do |obj| 
                 ^^^^^):
     7:     <th>Id</th>
     8:     <th>Name</th>
     9:   </tr>
    10:   <% @data.each do |obj| %>
    11:     <tr>
    12:       <td><%= obj.id %></td>
    13:       <td><a href = "/people/<%= obj.id %>">
  
app/views/people/index.html.erb:10
Started GET "/people/" for ::1 at 2023-05-23 16:22:16 +0900
Processing by PeopleController#index as HTML
  Rendering layout layouts/application.html.erb
  Rendering people/index.html.erb within layouts/application
  [1m[36mPerson Load (0.1ms)[0m  [1m[34mSELECT "people".* FROM "people"[0m
  ↳ app/views/people/index.html.erb:10
  Rendered people/index.html.erb within layouts/application (Duration: 4.6ms | Allocations: 2706)
  Rendered layout layouts/application.html.erb (Duration: 16.2ms | Allocations: 16826)
Completed 200 OK in 18ms (Views: 17.0ms | ActiveRecord: 0.6ms | Allocations: 18171)


Started GET "/people/2" for ::1 at 2023-05-23 16:22:19 +0900
Processing by PeopleController#show as HTML
  Parameters: {"id"=>"2"}
  [1m[36mPerson Load (0.1ms)[0m  [1m[34mSELECT "people".* FROM "people" WHERE "people"."id" = ? LIMIT ?[0m  [["id", 2], ["LIMIT", 1]]
  ↳ app/controllers/people_controller.rb:13:in `show'
  Rendering layout layouts/application.html.erb
  Rendering people/show.html.erb within layouts/application
  Rendered people/show.html.erb within layouts/application (Duration: 0.6ms | Allocations: 188)
  Rendered layout layouts/application.html.erb (Duration: 4.6ms | Allocations: 2549)
Completed 200 OK in 7ms (Views: 5.0ms | ActiveRecord: 0.1ms | Allocations: 4042)


Started GET "/people/3" for ::1 at 2023-05-23 16:22:21 +0900
Processing by PeopleController#show as HTML
  Parameters: {"id"=>"3"}
  [1m[36mPerson Load (0.1ms)[0m  [1m[34mSELECT "people".* FROM "people" WHERE "people"."id" = ? LIMIT ?[0m  [["id", 3], ["LIMIT", 1]]
  ↳ app/controllers/people_controller.rb:13:in `show'
  Rendering layout layouts/application.html.erb
  Rendering people/show.html.erb within layouts/application
  Rendered people/show.html.erb within layouts/application (Duration: 0.2ms | Allocations: 16)
  Rendered layout layouts/application.html.erb (Duration: 3.7ms | Allocations: 2347)
Completed 200 OK in 6ms (Views: 4.2ms | ActiveRecord: 0.1ms | Allocations: 3079)


Started GET "/people/3" for ::1 at 2023-05-23 16:30:15 +0900
Processing by PeopleController#show as HTML
  Parameters: {"id"=>"3"}
  [1m[36mPerson Load (0.1ms)[0m  [1m[34mSELECT "people".* FROM "people" WHERE "people"."id" = ? LIMIT ?[0m  [["id", 3], ["LIMIT", 1]]
  ↳ app/controllers/people_controller.rb:13:in `show'
  Rendering layout layouts/application.html.erb
  Rendering people/show.html.erb within layouts/application
  Rendered people/show.html.erb within layouts/application (Duration: 0.8ms | Allocations: 216)
  Rendered layout layouts/application.html.erb (Duration: 6.3ms | Allocations: 3017)
Completed 200 OK in 12ms (Views: 8.7ms | ActiveRecord: 0.4ms | Allocations: 4474)


Started GET "/people/2" for ::1 at 2023-05-23 16:34:23 +0900
Processing by PeopleController#show as HTML
  Parameters: {"id"=>"2"}
  [1m[36mPerson Load (0.1ms)[0m  [1m[34mSELECT "people".* FROM "people" WHERE "people"."id" = ? LIMIT ?[0m  [["id", 2], ["LIMIT", 1]]
  ↳ app/controllers/people_controller.rb:13:in `show'
  Rendering layout layouts/application.html.erb
  Rendering people/show.html.erb within layouts/application
  Rendered people/show.html.erb within layouts/application (Duration: 0.5ms | Allocations: 216)
  Rendered layout layouts/application.html.erb (Duration: 4.9ms | Allocations: 3026)
Completed 200 OK in 10ms (Views: 7.9ms | ActiveRecord: 0.1ms | Allocations: 4413)


Started GET "/people/1" for ::1 at 2023-05-23 16:34:26 +0900
Processing by PeopleController#show as HTML
  Parameters: {"id"=>"1"}
  [1m[36mPerson Load (0.1ms)[0m  [1m[34mSELECT "people".* FROM "people" WHERE "people"."id" = ? LIMIT ?[0m  [["id", 1], ["LIMIT", 1]]
  ↳ app/controllers/people_controller.rb:13:in `show'
  Rendering layout layouts/application.html.erb
  Rendering people/show.html.erb within layouts/application
  Rendered people/show.html.erb within layouts/application (Duration: 0.1ms | Allocations: 16)
  Rendered layout layouts/application.html.erb (Duration: 3.9ms | Allocations: 2356)
Completed 200 OK in 6ms (Views: 4.5ms | ActiveRecord: 0.1ms | Allocations: 3162)


Started GET "/people/2" for ::1 at 2023-05-23 16:38:01 +0900
Processing by PeopleController#show as HTML
  Parameters: {"id"=>"2"}
  [1m[36mPerson Load (0.1ms)[0m  [1m[34mSELECT "people".* FROM "people" WHERE "people"."id" = ? LIMIT ?[0m  [["id", 2], ["LIMIT", 1]]
  ↳ app/controllers/people_controller.rb:13:in `show'
  Rendering layout layouts/application.html.erb
  Rendering people/show.html.erb within layouts/application
  Rendered people/show.html.erb within layouts/application (Duration: 0.1ms | Allocations: 16)
  Rendered layout layouts/application.html.erb (Duration: 4.2ms | Allocations: 2389)
Completed 200 OK in 7ms (Views: 4.8ms | ActiveRecord: 0.1ms | Allocations: 3121)


Started GET "/people/add" for ::1 at 2023-05-23 16:56:53 +0900
Processing by PeopleController#add as HTML
  Rendering layout layouts/application.html.erb
  Rendering people/add.html.erb within layouts/application
  Rendered people/add.html.erb within layouts/application (Duration: 0.9ms | Allocations: 1175)
  Rendered layout layouts/application.html.erb (Duration: 1.2ms | Allocations: 1264)
Completed 500 Internal Server Error in 4ms (Allocations: 2214)


  
ActionView::SyntaxErrorInTemplate (Encountered a syntax error while rendering template: check <h1>People#add</h1>
<p><%= @msg%></p>
<%=form_tag(controller:'people', action:'add')%>
  <div>
    <label for = "name">Name</label>
    <%= text_field_tag("name","",{class:"form-controller"})%>
  </div>
  <div>
    <label for = "age">Age</label>
    <%= text_field_tag("age","",{class:"form-controller"})%>
  </div>
  <div>
    <label for = "main">Mail</label>
    <%= text_field_tag("main","",{class:"form-controller"})%>
  </div>
  <input type = "submit">
<%end%>  

):
1:    <h1>People#add</h1>
2:    <p><%= @msg%></p>
3:    <%=form_tag(controller:'people', action:'add')%>
4:      <div>
5:        <label for = "name">Name</label>
6:        <%= text_field_tag("name","",{class:"form-controller"})%>
7:      </div>
8:      <div>
9:        <label for = "age">Age</label>
10:        <%= text_field_tag("age","",{class:"form-controller"})%>
11:      </div>
12:      <div>
13:        <label for = "main">Mail</label>
14:        <%= text_field_tag("main","",{class:"form-controller"})%>
15:      </div>
16:      <input type = "submit">
17:    <%end%>  
  
app/views/people/add.html.erb:19: syntax error, unexpected `end', expecting end-of-input
app/views/people/add.html.erb:19: syntax error, unexpected `end', expecting end-of-input
app/views/people/add.html.erb:19: syntax error, unexpected `end', expecting end-of-input
app/views/people/add.html.erb:19: syntax error, unexpected `end', expecting end-of-input
app/views/people/add.html.erb:19: syntax error, unexpected `end', expecting end-of-input
app/views/people/add.html.erb:19: syntax error, unexpected `end', expecting end-of-input
Started GET "/people/add" for ::1 at 2023-05-23 17:01:01 +0900
Processing by PeopleController#add as HTML
  Rendering layout layouts/application.html.erb
  Rendering people/add.html.erb within layouts/application
  Rendered people/add.html.erb within layouts/application (Duration: 1.7ms | Allocations: 1521)
  Rendered layout layouts/application.html.erb (Duration: 13.7ms | Allocations: 15364)
Completed 200 OK in 17ms (Views: 15.6ms | Allocations: 16218)


Started POST "/people/add" for ::1 at 2023-05-23 17:05:30 +0900
Processing by PeopleController#create as TURBO_STREAM
  Parameters: {"authenticity_token"=>"[FILTERED]", "name"=>"kawai", "age"=>"20", "main"=>"aaaa"}
Completed 500 Internal Server Error in 13ms (ActiveRecord: 0.2ms | Allocations: 5643)


  
ActiveModel::UnknownAttributeError (unknown attribute 'mail' for Person.

          raise UnknownAttributeError.new(self, k.to_s)
          ^^^^^):
  
app/controllers/people_controller.rb:22:in `create'
Started GET "/people/add" for ::1 at 2023-05-23 17:12:22 +0900
Processing by PeopleController#add as HTML
  Rendering layout layouts/application.html.erb
  Rendering people/add.html.erb within layouts/application
  Rendered people/add.html.erb within layouts/application (Duration: 1.5ms | Allocations: 1180)
  Rendered layout layouts/application.html.erb (Duration: 14.5ms | Allocations: 14840)
Completed 200 OK in 16ms (Views: 15.2ms | Allocations: 15475)


Started POST "/people/add" for ::1 at 2023-05-23 17:12:28 +0900
Processing by PeopleController#create as TURBO_STREAM
  Parameters: {"authenticity_token"=>"[FILTERED]", "name"=>"kawai", "age"=>"", "main"=>""}
Completed 500 Internal Server Error in 4ms (ActiveRecord: 0.2ms | Allocations: 3438)


  
ActiveModel::UnknownAttributeError (unknown attribute 'mail' for Person.

          raise UnknownAttributeError.new(self, k.to_s)
          ^^^^^):
  
app/controllers/people_controller.rb:22:in `create'
Started GET "/people/add" for ::1 at 2023-05-23 17:12:32 +0900
Processing by PeopleController#add as HTML
  Rendering layout layouts/application.html.erb
  Rendering people/add.html.erb within layouts/application
  Rendered people/add.html.erb within layouts/application (Duration: 1.1ms | Allocations: 649)
  Rendered layout layouts/application.html.erb (Duration: 3.9ms | Allocations: 2961)
Completed 200 OK in 6ms (Views: 5.0ms | ActiveRecord: 0.0ms | Allocations: 3258)


Started POST "/people/add" for ::1 at 2023-05-23 17:12:41 +0900
Processing by PeopleController#create as TURBO_STREAM
  Parameters: {"authenticity_token"=>"[FILTERED]", "name"=>"kawai", "age"=>"20", "main"=>"fasfas"}
Completed 500 Internal Server Error in 2ms (ActiveRecord: 0.0ms | Allocations: 1127)


  
ActiveModel::UnknownAttributeError (unknown attribute 'mail' for Person.

          raise UnknownAttributeError.new(self, k.to_s)
          ^^^^^):
  
app/controllers/people_controller.rb:22:in `create'
Started GET "/people/add" for ::1 at 2023-05-23 17:12:51 +0900
Processing by PeopleController#add as HTML
  Rendering layout layouts/application.html.erb
  Rendering people/add.html.erb within layouts/application
  Rendered people/add.html.erb within layouts/application (Duration: 1.9ms | Allocations: 1184)
  Rendered layout layouts/application.html.erb (Duration: 13.0ms | Allocations: 14843)
Completed 200 OK in 14ms (Views: 13.8ms | Allocations: 15477)


Started POST "/people/add" for ::1 at 2023-05-23 17:12:55 +0900
Processing by PeopleController#create as TURBO_STREAM
  Parameters: {"authenticity_token"=>"[FILTERED]", "name"=>"kawai", "age"=>"20", "main"=>"sss"}
  [1m[36mTRANSACTION (0.0ms)[0m  [1m[36mbegin transaction[0m
  ↳ app/controllers/people_controller.rb:22:in `create'
  [1m[36mPerson Create (0.3ms)[0m  [1m[32mINSERT INTO "people" ("name", "age", "main", "created_at", "updated_at") VALUES (?, ?, ?, ?, ?)[0m  [["name", "kawai"], ["age", 20], ["main", "sss"], ["created_at", "2023-05-23 08:12:55.710898"], ["updated_at", "2023-05-23 08:12:55.710898"]]
  ↳ app/controllers/people_controller.rb:22:in `create'
  [1m[36mTRANSACTION (0.7ms)[0m  [1m[36mcommit transaction[0m
  ↳ app/controllers/people_controller.rb:22:in `create'
Redirected to http://localhost:3000/people
Completed 302 Found in 17ms (ActiveRecord: 2.0ms | Allocations: 7294)


Started GET "/people" for ::1 at 2023-05-23 17:12:55 +0900
Processing by PeopleController#index as TURBO_STREAM
  Rendering layout layouts/application.html.erb
  Rendering people/index.html.erb within layouts/application
  [1m[36mPerson Load (0.1ms)[0m  [1m[34mSELECT "people".* FROM "people"[0m
  ↳ app/views/people/index.html.erb:10
  Rendered people/index.html.erb within layouts/application (Duration: 1.7ms | Allocations: 962)
  Rendered layout layouts/application.html.erb (Duration: 4.6ms | Allocations: 3510)
Completed 200 OK in 6ms (Views: 4.8ms | ActiveRecord: 0.1ms | Allocations: 4011)


Started GET "/people/4" for ::1 at 2023-05-23 17:12:57 +0900
Processing by PeopleController#show as HTML
  Parameters: {"id"=>"4"}
  [1m[36mPerson Load (0.1ms)[0m  [1m[34mSELECT "people".* FROM "people" WHERE "people"."id" = ? LIMIT ?[0m  [["id", 4], ["LIMIT", 1]]
  ↳ app/controllers/people_controller.rb:13:in `show'
  Rendering layout layouts/application.html.erb
  Rendering people/show.html.erb within layouts/application
  Rendered people/show.html.erb within layouts/application (Duration: 0.6ms | Allocations: 188)
  Rendered layout layouts/application.html.erb (Duration: 3.7ms | Allocations: 2537)
Completed 200 OK in 25ms (Views: 4.0ms | ActiveRecord: 0.1ms | Allocations: 3969)


Started GET "/people" for ::1 at 2023-05-23 17:21:14 +0900
Processing by PeopleController#index as HTML
  Rendering layout layouts/application.html.erb
  Rendering people/index.html.erb within layouts/application
  [1m[36mPerson Load (0.1ms)[0m  [1m[34mSELECT "people".* FROM "people"[0m
  ↳ app/views/people/index.html.erb:10
  Rendered people/index.html.erb within layouts/application (Duration: 1.3ms | Allocations: 753)
  Rendered layout layouts/application.html.erb (Duration: 4.2ms | Allocations: 3107)
Completed 200 OK in 5ms (Views: 4.5ms | ActiveRecord: 0.3ms | Allocations: 3411)


Started GET "/people/add" for ::1 at 2023-05-23 17:21:19 +0900
Processing by PeopleController#add as HTML
  Rendering layout layouts/application.html.erb
  Rendering people/add.html.erb within layouts/application
  Rendered people/add.html.erb within layouts/application (Duration: 1.0ms | Allocations: 566)
  Rendered layout layouts/application.html.erb (Duration: 3.6ms | Allocations: 2758)
Completed 200 OK in 5ms (Views: 4.0ms | ActiveRecord: 0.0ms | Allocations: 3020)


Started POST "/people/add" for ::1 at 2023-05-23 17:21:32 +0900
Processing by PeopleController#create as TURBO_STREAM
  Parameters: {"authenticity_token"=>"[FILTERED]", "name"=>"kawai", "age"=>"", "main"=>""}
  [1m[36mTRANSACTION (0.0ms)[0m  [1m[36mbegin transaction[0m
  ↳ app/controllers/people_controller.rb:22:in `create'
  [1m[36mPerson Create (0.4ms)[0m  [1m[32mINSERT INTO "people" ("name", "age", "main", "created_at", "updated_at") VALUES (?, ?, ?, ?, ?)[0m  [["name", "kawai"], ["age", nil], ["main", ""], ["created_at", "2023-05-23 08:21:32.754515"], ["updated_at", "2023-05-23 08:21:32.754515"]]
  ↳ app/controllers/people_controller.rb:22:in `create'
  [1m[36mTRANSACTION (0.9ms)[0m  [1m[36mcommit transaction[0m
  ↳ app/controllers/people_controller.rb:22:in `create'
Redirected to http://localhost:3000/people
Completed 302 Found in 5ms (ActiveRecord: 1.4ms | Allocations: 2107)


Started GET "/people" for ::1 at 2023-05-23 17:21:32 +0900
Processing by PeopleController#index as TURBO_STREAM
  Rendering layout layouts/application.html.erb
  Rendering people/index.html.erb within layouts/application
  [1m[36mPerson Load (0.1ms)[0m  [1m[34mSELECT "people".* FROM "people"[0m
  ↳ app/views/people/index.html.erb:10
  Rendered people/index.html.erb within layouts/application (Duration: 5.2ms | Allocations: 626)
  Rendered layout layouts/application.html.erb (Duration: 8.1ms | Allocations: 3018)
Completed 200 OK in 9ms (Views: 8.3ms | ActiveRecord: 0.1ms | Allocations: 3333)


Started GET "/people/5" for ::1 at 2023-05-23 17:21:35 +0900
Processing by PeopleController#show as HTML
  Parameters: {"id"=>"5"}
  [1m[36mPerson Load (0.1ms)[0m  [1m[34mSELECT "people".* FROM "people" WHERE "people"."id" = ? LIMIT ?[0m  [["id", 5], ["LIMIT", 1]]
  ↳ app/controllers/people_controller.rb:13:in `show'
  Rendering layout layouts/application.html.erb
  Rendering people/show.html.erb within layouts/application
  Rendered people/show.html.erb within layouts/application (Duration: 0.1ms | Allocations: 14)
  Rendered layout layouts/application.html.erb (Duration: 3.3ms | Allocations: 2375)
Completed 200 OK in 5ms (Views: 3.6ms | ActiveRecord: 0.1ms | Allocations: 3137)


Started GET "/people" for ::1 at 2023-05-23 17:50:47 +0900
Processing by PeopleController#index as HTML
  Rendering layout layouts/application.html.erb
  Rendering people/index.html.erb within layouts/application
  [1m[36mPerson Load (0.1ms)[0m  [1m[34mSELECT "people".* FROM "people"[0m
  ↳ app/views/people/index.html.erb:10
  Rendered people/index.html.erb within layouts/application (Duration: 2.0ms | Allocations: 1150)
  Rendered layout layouts/application.html.erb (Duration: 5.1ms | Allocations: 3976)
Completed 200 OK in 8ms (Views: 6.8ms | ActiveRecord: 0.3ms | Allocations: 4850)


Started GET "/people" for ::1 at 2023-05-23 17:50:48 +0900
Processing by PeopleController#index as HTML
  Rendering layout layouts/application.html.erb
  Rendering people/index.html.erb within layouts/application
  [1m[36mPerson Load (0.1ms)[0m  [1m[34mSELECT "people".* FROM "people"[0m
  ↳ app/views/people/index.html.erb:10
  Rendered people/index.html.erb within layouts/application (Duration: 1.0ms | Allocations: 636)
  Rendered layout layouts/application.html.erb (Duration: 3.7ms | Allocations: 2990)
Completed 200 OK in 5ms (Views: 3.9ms | ActiveRecord: 0.1ms | Allocations: 3330)


Started GET "/people/edit/1" for ::1 at 2023-05-23 17:50:51 +0900
  
ActionController::RoutingError (No route matches [GET] "/people/edit/1"):
  
Started GET "/people" for ::1 at 2023-05-23 17:50:53 +0900
Processing by PeopleController#index as HTML
  Rendering layout layouts/application.html.erb
  Rendering people/index.html.erb within layouts/application
  [1m[36mPerson Load (0.2ms)[0m  [1m[34mSELECT "people".* FROM "people"[0m
  ↳ app/views/people/index.html.erb:10
  Rendered people/index.html.erb within layouts/application (Duration: 1.3ms | Allocations: 636)
  Rendered layout layouts/application.html.erb (Duration: 4.5ms | Allocations: 2983)
Completed 200 OK in 6ms (Views: 4.9ms | ActiveRecord: 0.2ms | Allocations: 3289)


Started GET "/people/add" for ::1 at 2023-05-23 17:50:59 +0900
Processing by PeopleController#add as HTML
  Rendering layout layouts/application.html.erb
  Rendering people/add.html.erb within layouts/application
  Rendered people/add.html.erb within layouts/application (Duration: 1.4ms | Allocations: 817)
  Rendered layout layouts/application.html.erb (Duration: 4.0ms | Allocations: 3009)
Completed 200 OK in 5ms (Views: 4.5ms | ActiveRecord: 0.0ms | Allocations: 3326)


Started GET "/people" for ::1 at 2023-05-23 19:01:10 +0900
Processing by PeopleController#index as HTML
  Rendering layout layouts/application.html.erb
  Rendering people/index.html.erb within layouts/application
  [1m[36mPerson Load (0.1ms)[0m  [1m[34mSELECT "people".* FROM "people"[0m
  ↳ app/views/people/index.html.erb:10
  Rendered people/index.html.erb within layouts/application (Duration: 4.3ms | Allocations: 2589)
  Rendered layout layouts/application.html.erb (Duration: 16.3ms | Allocations: 16692)
Completed 200 OK in 20ms (Views: 18.4ms | ActiveRecord: 0.4ms | Allocations: 18383)


Started GET "/people/edit/2" for ::1 at 2023-05-23 19:01:12 +0900
Processing by PeopleController#edit as HTML
  Parameters: {"id"=>"2"}
  [1m[36mPerson Load (0.1ms)[0m  [1m[34mSELECT "people".* FROM "people" WHERE "people"."id" = ? LIMIT ?[0m  [["id", 2], ["LIMIT", 1]]
  ↳ app/controllers/people_controller.rb:29:in `edit'
  Rendering layout layouts/application.html.erb
  Rendering people/edit.html.erb within layouts/application
  Rendered people/edit.html.erb within layouts/application (Duration: 10.1ms | Allocations: 3914)
  Rendered layout layouts/application.html.erb (Duration: 13.8ms | Allocations: 6098)
Completed 200 OK in 17ms (Views: 14.5ms | ActiveRecord: 0.1ms | Allocations: 7577)


Started PATCH "/people/edit/2" for ::1 at 2023-05-23 19:01:19 +0900
Processing by PeopleController#update as TURBO_STREAM
  Parameters: {"authenticity_token"=>"[FILTERED]", "person"=>{"name"=>"Hanako", "age"=>"341", "main"=>"hanako@flower"}, "commit"=>"Update Person", "id"=>"2"}
  [1m[36mPerson Load (0.2ms)[0m  [1m[34mSELECT "people".* FROM "people" WHERE "people"."id" = ? LIMIT ?[0m  [["id", 2], ["LIMIT", 1]]
  ↳ app/controllers/people_controller.rb:33:in `update'
Completed 500 Internal Server Error in 9ms (ActiveRecord: 0.2ms | Allocations: 4160)


  
NameError (undefined local variable or method `person_params' for #<PeopleController:0x000000000470e0>

    obj.update(person_params)
               ^^^^^^^^^^^^^):
  
app/controllers/people_controller.rb:34:in `update'
Started GET "/people/edit/2" for ::1 at 2023-05-23 19:02:29 +0900
Processing by PeopleController#edit as HTML
  Parameters: {"id"=>"2"}
  [1m[36mPerson Load (0.1ms)[0m  [1m[34mSELECT "people".* FROM "people" WHERE "people"."id" = ? LIMIT ?[0m  [["id", 2], ["LIMIT", 1]]
  ↳ app/controllers/people_controller.rb:29:in `edit'
  Rendering layout layouts/application.html.erb
  Rendering people/edit.html.erb within layouts/application
  Rendered people/edit.html.erb within layouts/application (Duration: 1.7ms | Allocations: 1639)
  Rendered layout layouts/application.html.erb (Duration: 12.4ms | Allocations: 15286)
Completed 200 OK in 19ms (Views: 13.5ms | ActiveRecord: 1.1ms | Allocations: 19736)


Started PATCH "/people/edit/2" for ::1 at 2023-05-23 19:02:32 +0900
Processing by PeopleController#update as TURBO_STREAM
  Parameters: {"authenticity_token"=>"[FILTERED]", "person"=>{"name"=>"Hanako", "age"=>"34s", "main"=>"hanako@flower"}, "commit"=>"Update Person", "id"=>"2"}
  [1m[36mPerson Load (0.1ms)[0m  [1m[34mSELECT "people".* FROM "people" WHERE "people"."id" = ? LIMIT ?[0m  [["id", 2], ["LIMIT", 1]]
  ↳ app/controllers/people_controller.rb:33:in `update'
Redirected to http://localhost:3000/people
Completed 302 Found in 3ms (ActiveRecord: 0.1ms | Allocations: 1269)


Started GET "/people" for ::1 at 2023-05-23 19:02:32 +0900
Processing by PeopleController#index as TURBO_STREAM
  Rendering layout layouts/application.html.erb
  Rendering people/index.html.erb within layouts/application
  [1m[36mPerson Load (0.4ms)[0m  [1m[34mSELECT "people".* FROM "people"[0m
  ↳ app/views/people/index.html.erb:10
  Rendered people/index.html.erb within layouts/application (Duration: 2.1ms | Allocations: 721)
  Rendered layout layouts/application.html.erb (Duration: 5.1ms | Allocations: 3075)
Completed 200 OK in 6ms (Views: 5.5ms | ActiveRecord: 0.4ms | Allocations: 3421)


Started GET "/people/edit/2" for ::1 at 2023-05-23 19:02:34 +0900
Processing by PeopleController#edit as HTML
  Parameters: {"id"=>"2"}
  [1m[36mPerson Load (0.1ms)[0m  [1m[34mSELECT "people".* FROM "people" WHERE "people"."id" = ? LIMIT ?[0m  [["id", 2], ["LIMIT", 1]]
  ↳ app/controllers/people_controller.rb:29:in `edit'
  Rendering layout layouts/application.html.erb
  Rendering people/edit.html.erb within layouts/application
  Rendered people/edit.html.erb within layouts/application (Duration: 6.2ms | Allocations: 839)
  Rendered layout layouts/application.html.erb (Duration: 8.8ms | Allocations: 3037)
Completed 200 OK in 11ms (Views: 9.3ms | ActiveRecord: 0.1ms | Allocations: 3774)


Started PATCH "/people/edit/2" for ::1 at 2023-05-23 19:02:39 +0900
Processing by PeopleController#update as TURBO_STREAM
  Parameters: {"authenticity_token"=>"[FILTERED]", "person"=>{"name"=>"Hanako", "age"=>"341212121", "main"=>"hanako@flower"}, "commit"=>"Update Person", "id"=>"2"}
  [1m[36mPerson Load (0.1ms)[0m  [1m[34mSELECT "people".* FROM "people" WHERE "people"."id" = ? LIMIT ?[0m  [["id", 2], ["LIMIT", 1]]
  ↳ app/controllers/people_controller.rb:33:in `update'
  [1m[36mTRANSACTION (0.0ms)[0m  [1m[36mbegin transaction[0m
  ↳ app/controllers/people_controller.rb:34:in `update'
  [1m[36mPerson Update (0.3ms)[0m  [1m[33mUPDATE "people" SET "age" = ?, "updated_at" = ? WHERE "people"."id" = ?[0m  [["age", 341212121], ["updated_at", "2023-05-23 10:02:39.610494"], ["id", 2]]
  ↳ app/controllers/people_controller.rb:34:in `update'
  [1m[36mTRANSACTION (0.9ms)[0m  [1m[36mcommit transaction[0m
  ↳ app/controllers/people_controller.rb:34:in `update'
Redirected to http://localhost:3000/people
Completed 302 Found in 5ms (ActiveRecord: 1.3ms | Allocations: 2819)


Started GET "/people" for ::1 at 2023-05-23 19:02:39 +0900
Processing by PeopleController#index as TURBO_STREAM
  Rendering layout layouts/application.html.erb
  Rendering people/index.html.erb within layouts/application
  [1m[36mPerson Load (0.1ms)[0m  [1m[34mSELECT "people".* FROM "people"[0m
  ↳ app/views/people/index.html.erb:10
  Rendered people/index.html.erb within layouts/application (Duration: 0.8ms | Allocations: 636)
  Rendered layout layouts/application.html.erb (Duration: 3.2ms | Allocations: 2999)
Completed 200 OK in 4ms (Views: 3.5ms | ActiveRecord: 0.1ms | Allocations: 3317)


Started GET "/people/edit/2" for ::1 at 2023-05-23 19:02:40 +0900
Processing by PeopleController#edit as HTML
  Parameters: {"id"=>"2"}
  [1m[36mPerson Load (0.1ms)[0m  [1m[34mSELECT "people".* FROM "people" WHERE "people"."id" = ? LIMIT ?[0m  [["id", 2], ["LIMIT", 1]]
  ↳ app/controllers/people_controller.rb:29:in `edit'
  Rendering layout layouts/application.html.erb
  Rendering people/edit.html.erb within layouts/application
  Rendered people/edit.html.erb within layouts/application (Duration: 0.9ms | Allocations: 840)
  Rendered layout layouts/application.html.erb (Duration: 3.1ms | Allocations: 3024)
Completed 200 OK in 5ms (Views: 3.6ms | ActiveRecord: 0.1ms | Allocations: 3759)


Started GET "/people/2" for ::1 at 2023-05-23 19:02:43 +0900
Processing by PeopleController#show as HTML
  Parameters: {"id"=>"2"}
  [1m[36mPerson Load (0.1ms)[0m  [1m[34mSELECT "people".* FROM "people" WHERE "people"."id" = ? LIMIT ?[0m  [["id", 2], ["LIMIT", 1]]
  ↳ app/controllers/people_controller.rb:13:in `show'
  Rendering layout layouts/application.html.erb
  Rendering people/show.html.erb within layouts/application
  Rendered people/show.html.erb within layouts/application (Duration: 0.6ms | Allocations: 209)
  Rendered layout layouts/application.html.erb (Duration: 2.9ms | Allocations: 2561)
Completed 200 OK in 5ms (Views: 3.2ms | ActiveRecord: 0.1ms | Allocations: 3367)


Started GET "/people/edit/2" for ::1 at 2023-05-23 19:02:47 +0900
Processing by PeopleController#edit as HTML
  Parameters: {"id"=>"2"}
  [1m[36mPerson Load (0.1ms)[0m  [1m[34mSELECT "people".* FROM "people" WHERE "people"."id" = ? LIMIT ?[0m  [["id", 2], ["LIMIT", 1]]
  ↳ app/controllers/people_controller.rb:29:in `edit'
  Rendering layout layouts/application.html.erb
  Rendering people/edit.html.erb within layouts/application
  Rendered people/edit.html.erb within layouts/application (Duration: 1.2ms | Allocations: 833)
  Rendered layout layouts/application.html.erb (Duration: 5.4ms | Allocations: 3017)
Completed 200 OK in 8ms (Views: 5.9ms | ActiveRecord: 0.1ms | Allocations: 3752)


Started GET "/people/edit/2" for ::1 at 2023-05-23 19:03:13 +0900
Processing by PeopleController#edit as HTML
  Parameters: {"id"=>"2"}
  [1m[36mPerson Load (0.1ms)[0m  [1m[34mSELECT "people".* FROM "people" WHERE "people"."id" = ? LIMIT ?[0m  [["id", 2], ["LIMIT", 1]]
  ↳ app/controllers/people_controller.rb:29:in `edit'
  Rendering layout layouts/application.html.erb
  Rendering people/edit.html.erb within layouts/application
  Rendered people/edit.html.erb within layouts/application (Duration: 1.5ms | Allocations: 1307)
  Rendered layout layouts/application.html.erb (Duration: 4.2ms | Allocations: 3871)
Completed 200 OK in 7ms (Views: 5.5ms | ActiveRecord: 0.1ms | Allocations: 5185)


Started PATCH "/people/edit/2" for ::1 at 2023-05-23 19:03:20 +0900
Processing by PeopleController#update as TURBO_STREAM
  Parameters: {"authenticity_token"=>"[FILTERED]", "person"=>{"name"=>"Hanako", "age"=>"34", "main"=>"hanako@flower"}, "commit"=>"Update Person", "id"=>"2"}
  [1m[36mPerson Load (0.1ms)[0m  [1m[34mSELECT "people".* FROM "people" WHERE "people"."id" = ? LIMIT ?[0m  [["id", 2], ["LIMIT", 1]]
  ↳ app/controllers/people_controller.rb:33:in `update'
  [1m[36mTRANSACTION (0.0ms)[0m  [1m[36mbegin transaction[0m
  ↳ app/controllers/people_controller.rb:34:in `update'
  [1m[36mPerson Update (0.3ms)[0m  [1m[33mUPDATE "people" SET "age" = ?, "updated_at" = ? WHERE "people"."id" = ?[0m  [["age", 34], ["updated_at", "2023-05-23 10:03:20.102581"], ["id", 2]]
  ↳ app/controllers/people_controller.rb:34:in `update'
  [1m[36mTRANSACTION (0.6ms)[0m  [1m[36mcommit transaction[0m
  ↳ app/controllers/people_controller.rb:34:in `update'
Redirected to http://localhost:3000/people
Completed 302 Found in 6ms (ActiveRecord: 1.1ms | Allocations: 2823)


Started GET "/people" for ::1 at 2023-05-23 19:03:20 +0900
Processing by PeopleController#index as TURBO_STREAM
  Rendering layout layouts/application.html.erb
  Rendering people/index.html.erb within layouts/application
  [1m[36mPerson Load (0.1ms)[0m  [1m[34mSELECT "people".* FROM "people"[0m
  ↳ app/views/people/index.html.erb:10
  Rendered people/index.html.erb within layouts/application (Duration: 2.3ms | Allocations: 873)
  Rendered layout layouts/application.html.erb (Duration: 4.8ms | Allocations: 3236)
Completed 200 OK in 6ms (Views: 5.0ms | ActiveRecord: 0.1ms | Allocations: 3629)


Started GET "/people/2" for ::1 at 2023-05-23 19:03:21 +0900
Processing by PeopleController#show as HTML
  Parameters: {"id"=>"2"}
  [1m[36mPerson Load (0.1ms)[0m  [1m[34mSELECT "people".* FROM "people" WHERE "people"."id" = ? LIMIT ?[0m  [["id", 2], ["LIMIT", 1]]
  ↳ app/controllers/people_controller.rb:13:in `show'
  Rendering layout layouts/application.html.erb
  Rendering people/show.html.erb within layouts/application
  Rendered people/show.html.erb within layouts/application (Duration: 0.4ms | Allocations: 184)
  Rendered layout layouts/application.html.erb (Duration: 2.8ms | Allocations: 2530)
Completed 200 OK in 5ms (Views: 3.1ms | ActiveRecord: 0.1ms | Allocations: 3316)


Started GET "/people/edit/3" for ::1 at 2023-05-23 19:07:05 +0900
Processing by PeopleController#edit as HTML
  Parameters: {"id"=>"3"}
  [1m[36mPerson Load (0.1ms)[0m  [1m[34mSELECT "people".* FROM "people" WHERE "people"."id" = ? LIMIT ?[0m  [["id", 3], ["LIMIT", 1]]
  ↳ app/controllers/people_controller.rb:29:in `edit'
  Rendering layout layouts/application.html.erb
  Rendering people/edit.html.erb within layouts/application
  Rendered people/edit.html.erb within layouts/application (Duration: 0.9ms | Allocations: 833)
  Rendered layout layouts/application.html.erb (Duration: 3.8ms | Allocations: 3017)
Completed 200 OK in 5ms (Views: 4.2ms | ActiveRecord: 0.1ms | Allocations: 3753)


Started GET "/people/edit/3" for ::1 at 2023-05-24 09:08:10 +0900
Processing by PeopleController#edit as HTML
  Parameters: {"id"=>"3"}
  [1m[36mPerson Load (0.1ms)[0m  [1m[34mSELECT "people".* FROM "people" WHERE "people"."id" = ? LIMIT ?[0m  [["id", 3], ["LIMIT", 1]]
  ↳ app/controllers/people_controller.rb:29:in `edit'
  Rendering layout layouts/application.html.erb
  Rendering people/edit.html.erb within layouts/application
  Rendered people/edit.html.erb within layouts/application (Duration: 1.1ms | Allocations: 831)
  Rendered layout layouts/application.html.erb (Duration: 3.6ms | Allocations: 3019)
Completed 200 OK in 6ms (Views: 4.0ms | ActiveRecord: 0.3ms | Allocations: 3925)


Started GET "/people/edit/3" for ::1 at 2023-05-24 09:08:11 +0900
Processing by PeopleController#edit as HTML
  Parameters: {"id"=>"3"}
  [1m[36mPerson Load (0.1ms)[0m  [1m[34mSELECT "people".* FROM "people" WHERE "people"."id" = ? LIMIT ?[0m  [["id", 3], ["LIMIT", 1]]
  ↳ app/controllers/people_controller.rb:29:in `edit'
  Rendering layout layouts/application.html.erb
  Rendering people/edit.html.erb within layouts/application
  Rendered people/edit.html.erb within layouts/application (Duration: 1.0ms | Allocations: 836)
  Rendered layout layouts/application.html.erb (Duration: 3.2ms | Allocations: 3025)
Completed 200 OK in 5ms (Views: 3.5ms | ActiveRecord: 0.1ms | Allocations: 3758)


Started GET "/people/edit/3" for ::1 at 2023-05-24 09:39:35 +0900
  
SyntaxError (/Users/kawaiota/practice_rails/app/controllers/people_controller.rb:51: syntax error, unexpected `end', expecting end-of-input):
  
app/controllers/people_controller.rb:51: syntax error, unexpected `end', expecting end-of-input
app/controllers/people_controller.rb:51: syntax error, unexpected `end', expecting end-of-input
app/controllers/people_controller.rb:51: syntax error, unexpected `end', expecting end-of-input
Started GET "/people/edit/3" for ::1 at 2023-05-24 09:39:57 +0900
Processing by PeopleController#edit as HTML
  Parameters: {"id"=>"3"}
  [1m[36mPerson Load (0.1ms)[0m  [1m[34mSELECT "people".* FROM "people" WHERE "people"."id" = ? LIMIT ?[0m  [["id", 3], ["LIMIT", 1]]
  ↳ app/controllers/people_controller.rb:29:in `edit'
  Rendering layout layouts/application.html.erb
  Rendering people/edit.html.erb within layouts/application
  Rendered people/edit.html.erb within layouts/application (Duration: 2.9ms | Allocations: 1900)
  Rendered layout layouts/application.html.erb (Duration: 15.8ms | Allocations: 15730)
Completed 200 OK in 24ms (Views: 17.4ms | ActiveRecord: 0.6ms | Allocations: 20124)


Started GET "/people/edit/3" for ::1 at 2023-05-24 09:39:59 +0900
Processing by PeopleController#edit as HTML
  Parameters: {"id"=>"3"}
  [1m[36mPerson Load (0.1ms)[0m  [1m[34mSELECT "people".* FROM "people" WHERE "people"."id" = ? LIMIT ?[0m  [["id", 3], ["LIMIT", 1]]
  ↳ app/controllers/people_controller.rb:29:in `edit'
  Rendering layout layouts/application.html.erb
  Rendering people/edit.html.erb within layouts/application
  Rendered people/edit.html.erb within layouts/application (Duration: 1.0ms | Allocations: 845)
  Rendered layout layouts/application.html.erb (Duration: 3.5ms | Allocations: 3029)
Completed 200 OK in 6ms (Views: 4.0ms | ActiveRecord: 0.1ms | Allocations: 3835)


Started GET "/people" for ::1 at 2023-05-24 09:40:00 +0900
Processing by PeopleController#index as HTML
  Rendering layout layouts/application.html.erb
  Rendering people/index.html.erb within layouts/application
  [1m[36mPerson Load (0.1ms)[0m  [1m[34mSELECT "people".* FROM "people"[0m
  ↳ app/views/people/index.html.erb:9
  Rendered people/index.html.erb within layouts/application (Duration: 1.8ms | Allocations: 947)
  Rendered layout layouts/application.html.erb (Duration: 6.0ms | Allocations: 3313)
Completed 200 OK in 7ms (Views: 6.2ms | ActiveRecord: 0.1ms | Allocations: 3687)


Started GET "/people" for ::1 at 2023-05-24 09:40:02 +0900
Processing by PeopleController#index as HTML
  Rendering layout layouts/application.html.erb
  Rendering people/index.html.erb within layouts/application
  [1m[36mPerson Load (0.1ms)[0m  [1m[34mSELECT "people".* FROM "people"[0m
  ↳ app/views/people/index.html.erb:9
  Rendered people/index.html.erb within layouts/application (Duration: 1.0ms | Allocations: 636)
  Rendered layout layouts/application.html.erb (Duration: 3.8ms | Allocations: 2981)
Completed 200 OK in 5ms (Views: 4.0ms | ActiveRecord: 0.1ms | Allocations: 3287)


Started GET "/people" for ::1 at 2023-05-24 09:40:03 +0900
Processing by PeopleController#index as HTML
  Rendering layout layouts/application.html.erb
  Rendering people/index.html.erb within layouts/application
  [1m[36mPerson Load (0.1ms)[0m  [1m[34mSELECT "people".* FROM "people"[0m
  ↳ app/views/people/index.html.erb:9
  Rendered people/index.html.erb within layouts/application (Duration: 1.2ms | Allocations: 636)
  Rendered layout layouts/application.html.erb (Duration: 4.2ms | Allocations: 2993)
Completed 200 OK in 5ms (Views: 4.4ms | ActiveRecord: 0.1ms | Allocations: 3299)


Started GET "/people" for ::1 at 2023-05-24 09:40:04 +0900
Processing by PeopleController#index as HTML
  Rendering layout layouts/application.html.erb
  Rendering people/index.html.erb within layouts/application
  [1m[36mPerson Load (0.1ms)[0m  [1m[34mSELECT "people".* FROM "people"[0m
  ↳ app/views/people/index.html.erb:9
  Rendered people/index.html.erb within layouts/application (Duration: 0.8ms | Allocations: 636)
  Rendered layout layouts/application.html.erb (Duration: 3.9ms | Allocations: 2993)
Completed 200 OK in 5ms (Views: 4.1ms | ActiveRecord: 0.1ms | Allocations: 3299)


Started GET "/people" for ::1 at 2023-05-24 09:40:04 +0900
Processing by PeopleController#index as HTML
  Rendering layout layouts/application.html.erb
  Rendering people/index.html.erb within layouts/application
  [1m[36mPerson Load (0.1ms)[0m  [1m[34mSELECT "people".* FROM "people"[0m
  ↳ app/views/people/index.html.erb:9
  Rendered people/index.html.erb within layouts/application (Duration: 1.0ms | Allocations: 636)
  Rendered layout layouts/application.html.erb (Duration: 3.8ms | Allocations: 2996)
Completed 200 OK in 5ms (Views: 4.2ms | ActiveRecord: 0.1ms | Allocations: 3302)


Started GET "/people" for ::1 at 2023-05-24 09:40:04 +0900
Processing by PeopleController#index as HTML
  Rendering layout layouts/application.html.erb
  Rendering people/index.html.erb within layouts/application
  [1m[36mPerson Load (0.1ms)[0m  [1m[34mSELECT "people".* FROM "people"[0m
  ↳ app/views/people/index.html.erb:9
  Rendered people/index.html.erb within layouts/application (Duration: 0.9ms | Allocations: 636)
  Rendered layout layouts/application.html.erb (Duration: 3.6ms | Allocations: 3011)
Completed 200 OK in 4ms (Views: 3.8ms | ActiveRecord: 0.1ms | Allocations: 3317)


Started GET "/people" for ::1 at 2023-05-24 09:40:04 +0900
Processing by PeopleController#index as HTML
  Rendering layout layouts/application.html.erb
  Rendering people/index.html.erb within layouts/application
  [1m[36mPerson Load (0.1ms)[0m  [1m[34mSELECT "people".* FROM "people"[0m
  ↳ app/views/people/index.html.erb:9
  Rendered people/index.html.erb within layouts/application (Duration: 1.0ms | Allocations: 636)
  Rendered layout layouts/application.html.erb (Duration: 3.9ms | Allocations: 2996)
Completed 200 OK in 5ms (Views: 4.1ms | ActiveRecord: 0.1ms | Allocations: 3302)


Started GET "/people" for ::1 at 2023-05-24 09:40:05 +0900
Processing by PeopleController#index as HTML
  Rendering layout layouts/application.html.erb
  Rendering people/index.html.erb within layouts/application
  [1m[36mPerson Load (0.1ms)[0m  [1m[34mSELECT "people".* FROM "people"[0m
  ↳ app/views/people/index.html.erb:9
  Rendered people/index.html.erb within layouts/application (Duration: 0.9ms | Allocations: 636)
  Rendered layout layouts/application.html.erb (Duration: 3.4ms | Allocations: 2996)
Completed 200 OK in 4ms (Views: 3.6ms | ActiveRecord: 0.1ms | Allocations: 3302)


Started GET "/people" for ::1 at 2023-05-24 09:40:05 +0900
Processing by PeopleController#index as HTML
  Rendering layout layouts/application.html.erb
  Rendering people/index.html.erb within layouts/application
  [1m[36mPerson Load (0.1ms)[0m  [1m[34mSELECT "people".* FROM "people"[0m
  ↳ app/views/people/index.html.erb:9
  Rendered people/index.html.erb within layouts/application (Duration: 0.9ms | Allocations: 636)
  Rendered layout layouts/application.html.erb (Duration: 3.7ms | Allocations: 2993)
Completed 200 OK in 4ms (Views: 3.9ms | ActiveRecord: 0.1ms | Allocations: 3299)


Started GET "/people" for ::1 at 2023-05-24 09:44:40 +0900
Processing by PeopleController#index as HTML
  Rendering layout layouts/application.html.erb
  Rendering people/index.html.erb within layouts/application
  [1m[36mPerson Load (0.1ms)[0m  [1m[34mSELECT "people".* FROM "people"[0m
  ↳ app/views/people/index.html.erb:9
  Rendered people/index.html.erb within layouts/application (Duration: 1.7ms | Allocations: 1004)
  Rendered layout layouts/application.html.erb (Duration: 5.0ms | Allocations: 3839)
Completed 200 OK in 7ms (Views: 6.3ms | ActiveRecord: 0.1ms | Allocations: 4717)


Started GET "/people/delete/2" for ::1 at 2023-05-24 09:44:43 +0900
Processing by PeopleController#delete as HTML
  Parameters: {"id"=>"2"}
Completed 500 Internal Server Error in 2ms (ActiveRecord: 0.0ms | Allocations: 2744)


  
NameError (uninitialized constant PeopleController::Pesron

    obj = Pesron.find(params[:id])
          ^^^^^^
Did you mean?  Person):
  
app/controllers/people_controller.rb:39:in `delete'
Started GET "/people/delete/2" for ::1 at 2023-05-24 09:46:08 +0900
Processing by PeopleController#delete as HTML
  Parameters: {"id"=>"2"}
  [1m[36mPerson Load (0.1ms)[0m  [1m[34mSELECT "people".* FROM "people" WHERE "people"."id" = ? LIMIT ?[0m  [["id", 2], ["LIMIT", 1]]
  ↳ app/controllers/people_controller.rb:39:in `delete'
Completed 500 Internal Server Error in 34ms (ActiveRecord: 0.7ms | Allocations: 7284)


  
NameError (undefined local variable or method `destroy' for #<PeopleController:0x00000000058d90>

    obj.def destroy
            ^^^^^^^):
  
app/controllers/people_controller.rb:40:in `delete'
Started GET "/people/delete/2" for ::1 at 2023-05-24 09:46:21 +0900
Processing by PeopleController#delete as HTML
  Parameters: {"id"=>"2"}
  [1m[36mPerson Load (0.1ms)[0m  [1m[34mSELECT "people".* FROM "people" WHERE "people"."id" = ? LIMIT ?[0m  [["id", 2], ["LIMIT", 1]]
  ↳ app/controllers/people_controller.rb:39:in `delete'
  [1m[36mTRANSACTION (0.0ms)[0m  [1m[36mbegin transaction[0m
  ↳ app/controllers/people_controller.rb:40:in `delete'
  [1m[36mPerson Destroy (0.4ms)[0m  [1m[31mDELETE FROM "people" WHERE "people"."id" = ?[0m  [["id", 2]]
  ↳ app/controllers/people_controller.rb:40:in `delete'
  [1m[36mTRANSACTION (1.3ms)[0m  [1m[36mcommit transaction[0m
  ↳ app/controllers/people_controller.rb:40:in `delete'
Redirected to http://localhost:3000/people
Completed 302 Found in 10ms (ActiveRecord: 2.3ms | Allocations: 5666)


Started GET "/people" for ::1 at 2023-05-24 09:46:21 +0900
Processing by PeopleController#index as HTML
  Rendering layout layouts/application.html.erb
  Rendering people/index.html.erb within layouts/application
  [1m[36mPerson Load (0.1ms)[0m  [1m[34mSELECT "people".* FROM "people"[0m
  ↳ app/views/people/index.html.erb:9
  Rendered people/index.html.erb within layouts/application (Duration: 0.9ms | Allocations: 773)
  Rendered layout layouts/application.html.erb (Duration: 11.8ms | Allocations: 14689)
Completed 200 OK in 14ms (Views: 12.5ms | ActiveRecord: 0.1ms | Allocations: 15333)


Started GET "/people/delete/4" for ::1 at 2023-05-24 09:46:25 +0900
Processing by PeopleController#delete as HTML
  Parameters: {"id"=>"4"}
  [1m[36mPerson Load (0.1ms)[0m  [1m[34mSELECT "people".* FROM "people" WHERE "people"."id" = ? LIMIT ?[0m  [["id", 4], ["LIMIT", 1]]
  ↳ app/controllers/people_controller.rb:39:in `delete'
  [1m[36mTRANSACTION (0.0ms)[0m  [1m[36mbegin transaction[0m
  ↳ app/controllers/people_controller.rb:40:in `delete'
  [1m[36mPerson Destroy (0.4ms)[0m  [1m[31mDELETE FROM "people" WHERE "people"."id" = ?[0m  [["id", 4]]
  ↳ app/controllers/people_controller.rb:40:in `delete'
  [1m[36mTRANSACTION (1.0ms)[0m  [1m[36mcommit transaction[0m
  ↳ app/controllers/people_controller.rb:40:in `delete'
Redirected to http://localhost:3000/people
Completed 302 Found in 5ms (ActiveRecord: 1.4ms | Allocations: 2148)


Started GET "/people" for ::1 at 2023-05-24 09:46:25 +0900
Processing by PeopleController#index as HTML
  Rendering layout layouts/application.html.erb
  Rendering people/index.html.erb within layouts/application
  [1m[36mPerson Load (0.1ms)[0m  [1m[34mSELECT "people".* FROM "people"[0m
  ↳ app/views/people/index.html.erb:9
  Rendered people/index.html.erb within layouts/application (Duration: 0.8ms | Allocations: 603)
  Rendered layout layouts/application.html.erb (Duration: 3.6ms | Allocations: 2954)
Completed 200 OK in 5ms (Views: 3.9ms | ActiveRecord: 0.1ms | Allocations: 3284)


Started GET "/people/delete/5" for ::1 at 2023-05-24 09:46:27 +0900
Processing by PeopleController#delete as HTML
  Parameters: {"id"=>"5"}
  [1m[36mPerson Load (0.1ms)[0m  [1m[34mSELECT "people".* FROM "people" WHERE "people"."id" = ? LIMIT ?[0m  [["id", 5], ["LIMIT", 1]]
  ↳ app/controllers/people_controller.rb:39:in `delete'
  [1m[36mTRANSACTION (0.0ms)[0m  [1m[36mbegin transaction[0m
  ↳ app/controllers/people_controller.rb:40:in `delete'
  [1m[36mPerson Destroy (0.3ms)[0m  [1m[31mDELETE FROM "people" WHERE "people"."id" = ?[0m  [["id", 5]]
  ↳ app/controllers/people_controller.rb:40:in `delete'
  [1m[36mTRANSACTION (0.9ms)[0m  [1m[36mcommit transaction[0m
  ↳ app/controllers/people_controller.rb:40:in `delete'
Redirected to http://localhost:3000/people
Completed 302 Found in 5ms (ActiveRecord: 1.3ms | Allocations: 2073)


Started GET "/people" for ::1 at 2023-05-24 09:46:27 +0900
Processing by PeopleController#index as HTML
  Rendering layout layouts/application.html.erb
  Rendering people/index.html.erb within layouts/application
  [1m[36mPerson Load (0.1ms)[0m  [1m[34mSELECT "people".* FROM "people"[0m
  ↳ app/views/people/index.html.erb:9
  Rendered people/index.html.erb within layouts/application (Duration: 0.8ms | Allocations: 582)
  Rendered layout layouts/application.html.erb (Duration: 4.3ms | Allocations: 2945)
Completed 200 OK in 5ms (Views: 4.6ms | ActiveRecord: 0.1ms | Allocations: 3251)


Started GET "/people/delete/3" for ::1 at 2023-05-24 09:46:30 +0900
Processing by PeopleController#delete as HTML
  Parameters: {"id"=>"3"}
  [1m[36mPerson Load (0.1ms)[0m  [1m[34mSELECT "people".* FROM "people" WHERE "people"."id" = ? LIMIT ?[0m  [["id", 3], ["LIMIT", 1]]
  ↳ app/controllers/people_controller.rb:39:in `delete'
  [1m[36mTRANSACTION (0.0ms)[0m  [1m[36mbegin transaction[0m
  ↳ app/controllers/people_controller.rb:40:in `delete'
  [1m[36mPerson Destroy (0.2ms)[0m  [1m[31mDELETE FROM "people" WHERE "people"."id" = ?[0m  [["id", 3]]
  ↳ app/controllers/people_controller.rb:40:in `delete'
  [1m[36mTRANSACTION (1.0ms)[0m  [1m[36mcommit transaction[0m
  ↳ app/controllers/people_controller.rb:40:in `delete'
Redirected to http://localhost:3000/people
Completed 302 Found in 5ms (ActiveRecord: 1.3ms | Allocations: 2074)


Started GET "/people" for ::1 at 2023-05-24 09:46:30 +0900
Processing by PeopleController#index as HTML
  Rendering layout layouts/application.html.erb
  Rendering people/index.html.erb within layouts/application
  [1m[36mPerson Load (0.2ms)[0m  [1m[34mSELECT "people".* FROM "people"[0m
  ↳ app/views/people/index.html.erb:9
  Rendered people/index.html.erb within layouts/application (Duration: 1.4ms | Allocations: 561)
  Rendered layout layouts/application.html.erb (Duration: 4.0ms | Allocations: 2930)
Completed 200 OK in 5ms (Views: 4.1ms | ActiveRecord: 0.2ms | Allocations: 3236)


Started GET "/people/add" for ::1 at 2023-05-24 09:53:00 +0900
Processing by PeopleController#add as HTML
  Rendering layout layouts/application.html.erb
  Rendering people/add.html.erb within layouts/application
  Rendered people/add.html.erb within layouts/application (Duration: 1.9ms | Allocations: 1378)
  Rendered layout layouts/application.html.erb (Duration: 5.0ms | Allocations: 3570)
Completed 200 OK in 6ms (Views: 5.5ms | Allocations: 3902)


Started POST "/people/add" for ::1 at 2023-05-24 09:53:09 +0900
Processing by PeopleController#create as TURBO_STREAM
  Parameters: {"authenticity_token"=>"[FILTERED]", "name"=>"kawai", "age"=>"20", "main"=>"aaa"}
  [1m[36mTRANSACTION (0.0ms)[0m  [1m[36mbegin transaction[0m
  ↳ app/controllers/people_controller.rb:22:in `create'
  [1m[36mPerson Create (0.3ms)[0m  [1m[32mINSERT INTO "people" ("name", "age", "main", "created_at", "updated_at") VALUES (?, ?, ?, ?, ?)[0m  [["name", "kawai"], ["age", 20], ["main", "aaa"], ["created_at", "2023-05-24 00:53:09.390310"], ["updated_at", "2023-05-24 00:53:09.390310"]]
  ↳ app/controllers/people_controller.rb:22:in `create'
  [1m[36mTRANSACTION (0.6ms)[0m  [1m[36mcommit transaction[0m
  ↳ app/controllers/people_controller.rb:22:in `create'
Redirected to http://localhost:3000/people
Completed 302 Found in 5ms (ActiveRecord: 1.2ms | Allocations: 2375)


Started GET "/people" for ::1 at 2023-05-24 09:53:09 +0900
Processing by PeopleController#index as TURBO_STREAM
  Rendering layout layouts/application.html.erb
  Rendering people/index.html.erb within layouts/application
  [1m[36mPerson Load (0.1ms)[0m  [1m[34mSELECT "people".* FROM "people"[0m
  ↳ app/views/people/index.html.erb:9
  Rendered people/index.html.erb within layouts/application (Duration: 0.8ms | Allocations: 612)
  Rendered layout layouts/application.html.erb (Duration: 4.0ms | Allocations: 2972)
Completed 200 OK in 5ms (Views: 4.2ms | ActiveRecord: 0.1ms | Allocations: 3291)


Started GET "/people/add" for ::1 at 2023-05-24 09:53:18 +0900
Processing by PeopleController#add as HTML
  Rendering layout layouts/application.html.erb
  Rendering people/add.html.erb within layouts/application
  Rendered people/add.html.erb within layouts/application (Duration: 0.7ms | Allocations: 564)
  Rendered layout layouts/application.html.erb (Duration: 3.3ms | Allocations: 2756)
Completed 200 OK in 4ms (Views: 3.6ms | ActiveRecord: 0.0ms | Allocations: 3018)


Started POST "/people/add" for ::1 at 2023-05-24 09:53:25 +0900
Processing by PeopleController#create as TURBO_STREAM
  Parameters: {"authenticity_token"=>"[FILTERED]", "name"=>"f;askd;", "age"=>"fasfs", "main"=>"sadfas"}
  [1m[36mTRANSACTION (0.0ms)[0m  [1m[36mbegin transaction[0m
  ↳ app/controllers/people_controller.rb:22:in `create'
  [1m[36mPerson Create (0.3ms)[0m  [1m[32mINSERT INTO "people" ("name", "age", "main", "created_at", "updated_at") VALUES (?, ?, ?, ?, ?)[0m  [["name", "f;askd;"], ["age", 0], ["main", "sadfas"], ["created_at", "2023-05-24 00:53:25.218552"], ["updated_at", "2023-05-24 00:53:25.218552"]]
  ↳ app/controllers/people_controller.rb:22:in `create'
  [1m[36mTRANSACTION (0.6ms)[0m  [1m[36mcommit transaction[0m
  ↳ app/controllers/people_controller.rb:22:in `create'
Redirected to http://localhost:3000/people
Completed 302 Found in 4ms (ActiveRecord: 0.9ms | Allocations: 2092)


Started GET "/people" for ::1 at 2023-05-24 09:53:25 +0900
Processing by PeopleController#index as TURBO_STREAM
  Rendering layout layouts/application.html.erb
  Rendering people/index.html.erb within layouts/application
  [1m[36mPerson Load (0.1ms)[0m  [1m[34mSELECT "people".* FROM "people"[0m
  ↳ app/views/people/index.html.erb:9
  Rendered people/index.html.erb within layouts/application (Duration: 0.7ms | Allocations: 603)
  Rendered layout layouts/application.html.erb (Duration: 3.1ms | Allocations: 2966)
Completed 200 OK in 4ms (Views: 3.3ms | ActiveRecord: 0.1ms | Allocations: 3281)


Started GET "/people/7" for ::1 at 2023-05-24 09:53:26 +0900
Processing by PeopleController#show as HTML
  Parameters: {"id"=>"7"}
  [1m[36mPerson Load (0.1ms)[0m  [1m[34mSELECT "people".* FROM "people" WHERE "people"."id" = ? LIMIT ?[0m  [["id", 7], ["LIMIT", 1]]
  ↳ app/controllers/people_controller.rb:13:in `show'
  Rendering layout layouts/application.html.erb
  Rendering people/show.html.erb within layouts/application
  Rendered people/show.html.erb within layouts/application (Duration: 0.5ms | Allocations: 190)
  Rendered layout layouts/application.html.erb (Duration: 3.0ms | Allocations: 2545)
Completed 200 OK in 5ms (Views: 3.4ms | ActiveRecord: 0.1ms | Allocations: 3361)


Started GET "/people/edit/7" for ::1 at 2023-05-24 09:53:30 +0900
Processing by PeopleController#edit as HTML
  Parameters: {"id"=>"7"}
  [1m[36mPerson Load (0.2ms)[0m  [1m[34mSELECT "people".* FROM "people" WHERE "people"."id" = ? LIMIT ?[0m  [["id", 7], ["LIMIT", 1]]
  ↳ app/controllers/people_controller.rb:29:in `edit'
  Rendering layout layouts/application.html.erb
  Rendering people/edit.html.erb within layouts/application
  Rendered people/edit.html.erb within layouts/application (Duration: 2.2ms | Allocations: 1170)
  Rendered layout layouts/application.html.erb (Duration: 4.9ms | Allocations: 3354)
Completed 200 OK in 7ms (Views: 5.4ms | ActiveRecord: 0.2ms | Allocations: 4144)


Started GET "/people/edit/7" for ::1 at 2023-05-24 09:56:36 +0900
Processing by PeopleController#edit as HTML
  Parameters: {"id"=>"7"}
  [1m[36mPerson Load (0.1ms)[0m  [1m[34mSELECT "people".* FROM "people" WHERE "people"."id" = ? LIMIT ?[0m  [["id", 7], ["LIMIT", 1]]
  ↳ app/controllers/people_controller.rb:29:in `edit'
  Rendering layout layouts/application.html.erb
  Rendering people/edit.html.erb within layouts/application
  Rendered people/edit.html.erb within layouts/application (Duration: 1.6ms | Allocations: 1296)
  Rendered layout layouts/application.html.erb (Duration: 5.7ms | Allocations: 3874)
Completed 200 OK in 13ms (Views: 11.2ms | ActiveRecord: 0.1ms | Allocations: 5190)


Started GET "/people" for ::1 at 2023-05-24 09:56:38 +0900
Processing by PeopleController#index as HTML
  Rendering layout layouts/application.html.erb
  Rendering people/index.html.erb within layouts/application
  [1m[36mPerson Load (0.1ms)[0m  [1m[34mSELECT "people".* FROM "people"[0m
  ↳ app/views/people/index.html.erb:9
  Rendered people/index.html.erb within layouts/application (Duration: 1.6ms | Allocations: 900)
  Rendered layout layouts/application.html.erb (Duration: 4.9ms | Allocations: 3264)
Completed 200 OK in 6ms (Views: 5.3ms | ActiveRecord: 0.1ms | Allocations: 3656)


Started GET "/people" for ::1 at 2023-05-24 09:56:39 +0900
Processing by PeopleController#index as HTML
  Rendering layout layouts/application.html.erb
  Rendering people/index.html.erb within layouts/application
  [1m[36mPerson Load (0.1ms)[0m  [1m[34mSELECT "people".* FROM "people"[0m
  ↳ app/views/people/index.html.erb:9
  Rendered people/index.html.erb within layouts/application (Duration: 0.9ms | Allocations: 603)
  Rendered layout layouts/application.html.erb (Duration: 3.8ms | Allocations: 2960)
Completed 200 OK in 5ms (Views: 4.0ms | ActiveRecord: 0.1ms | Allocations: 3266)


Started GET "/people/add/" for ::1 at 2023-05-24 09:56:40 +0900
Processing by PeopleController#add as HTML
  Rendering layout layouts/application.html.erb
  Rendering people/add.html.erb within layouts/application
  Rendered people/add.html.erb within layouts/application (Duration: 1.4ms | Allocations: 779)
  Rendered layout layouts/application.html.erb (Duration: 4.1ms | Allocations: 2971)
Completed 200 OK in 5ms (Views: 4.4ms | ActiveRecord: 0.0ms | Allocations: 3288)


Started POST "/people/add" for ::1 at 2023-05-24 09:57:59 +0900
Processing by PeopleController#create as TURBO_STREAM
  Parameters: {"authenticity_token"=>"[FILTERED]", "name"=>"adasd", "age"=>"fasfa", "main"=>"fafawfe"}
  [1m[36mTRANSACTION (0.0ms)[0m  [1m[36mbegin transaction[0m
  ↳ app/controllers/people_controller.rb:22:in `create'
  [1m[36mPerson Create (0.3ms)[0m  [1m[32mINSERT INTO "people" ("name", "age", "main", "created_at", "updated_at") VALUES (?, ?, ?, ?, ?)[0m  [["name", "adasd"], ["age", 0], ["main", "fafawfe"], ["created_at", "2023-05-24 00:57:59.583338"], ["updated_at", "2023-05-24 00:57:59.583338"]]
  ↳ app/controllers/people_controller.rb:22:in `create'
  [1m[36mTRANSACTION (0.6ms)[0m  [1m[36mcommit transaction[0m
  ↳ app/controllers/people_controller.rb:22:in `create'
Redirected to http://localhost:3000/people
Completed 302 Found in 4ms (ActiveRecord: 0.9ms | Allocations: 2206)


Started GET "/people" for ::1 at 2023-05-24 09:57:59 +0900
Processing by PeopleController#index as TURBO_STREAM
  Rendering layout layouts/application.html.erb
  Rendering people/index.html.erb within layouts/application
  [1m[36mPerson Load (0.1ms)[0m  [1m[34mSELECT "people".* FROM "people"[0m
  ↳ app/views/people/index.html.erb:9
  Rendered people/index.html.erb within layouts/application (Duration: 1.1ms | Allocations: 625)
  Rendered layout layouts/application.html.erb (Duration: 4.9ms | Allocations: 2987)
Completed 200 OK in 6ms (Views: 5.1ms | ActiveRecord: 0.1ms | Allocations: 3305)


Started GET "/people/add/" for ::1 at 2023-05-24 09:58:25 +0900
Processing by PeopleController#add as HTML
  Rendering layout layouts/application.html.erb
  Rendering people/add.html.erb within layouts/application
  Rendered people/add.html.erb within layouts/application (Duration: 0.6ms | Allocations: 552)
  Rendered layout layouts/application.html.erb (Duration: 4.2ms | Allocations: 2744)
Completed 200 OK in 5ms (Views: 4.7ms | ActiveRecord: 0.0ms | Allocations: 3008)


Started POST "/people/add" for ::1 at 2023-05-24 09:58:29 +0900
Processing by PeopleController#create as TURBO_STREAM
  Parameters: {"authenticity_token"=>"[FILTERED]", "name"=>"csacas", "age"=>"cascsac", "main"=>"cascas"}
  [1m[36mTRANSACTION (0.0ms)[0m  [1m[36mbegin transaction[0m
  ↳ app/controllers/people_controller.rb:22:in `create'
  [1m[36mPerson Create (0.4ms)[0m  [1m[32mINSERT INTO "people" ("name", "age", "main", "created_at", "updated_at") VALUES (?, ?, ?, ?, ?)[0m  [["name", "csacas"], ["age", 0], ["main", "cascas"], ["created_at", "2023-05-24 00:58:29.186454"], ["updated_at", "2023-05-24 00:58:29.186454"]]
  ↳ app/controllers/people_controller.rb:22:in `create'
  [1m[36mTRANSACTION (0.7ms)[0m  [1m[36mcommit transaction[0m
  ↳ app/controllers/people_controller.rb:22:in `create'
Redirected to http://localhost:3000/people
Completed 302 Found in 5ms (ActiveRecord: 1.2ms | Allocations: 2088)


Started GET "/people" for ::1 at 2023-05-24 09:58:29 +0900
Processing by PeopleController#index as TURBO_STREAM
  Rendering layout layouts/application.html.erb
  Rendering people/index.html.erb within layouts/application
  [1m[36mPerson Load (0.1ms)[0m  [1m[34mSELECT "people".* FROM "people"[0m
  ↳ app/views/people/index.html.erb:9
  Rendered people/index.html.erb within layouts/application (Duration: 0.8ms | Allocations: 646)
  Rendered layout layouts/application.html.erb (Duration: 3.4ms | Allocations: 3009)
Completed 200 OK in 4ms (Views: 3.6ms | ActiveRecord: 0.1ms | Allocations: 3324)


Started GET "/people" for ::1 at 2023-05-24 10:19:17 +0900
Processing by PeopleController#index as HTML
  Rendering layout layouts/application.html.erb
  Rendering people/index.html.erb within layouts/application
  [1m[36mPerson Load (0.1ms)[0m  [1m[34mSELECT "people".* FROM "people"[0m
  ↳ app/views/people/index.html.erb:9
  Rendered people/index.html.erb within layouts/application (Duration: 1.3ms | Allocations: 819)
  Rendered layout layouts/application.html.erb (Duration: 3.9ms | Allocations: 3179)
Completed 200 OK in 5ms (Views: 4.2ms | ActiveRecord: 0.3ms | Allocations: 3483)


Started GET "/people" for ::1 at 2023-05-24 10:19:18 +0900
Processing by PeopleController#index as HTML
  Rendering layout layouts/application.html.erb
  Rendering people/index.html.erb within layouts/application
  [1m[36mPerson Load (0.1ms)[0m  [1m[34mSELECT "people".* FROM "people"[0m
  ↳ app/views/people/index.html.erb:9
  Rendered people/index.html.erb within layouts/application (Duration: 0.9ms | Allocations: 646)
  Rendered layout layouts/application.html.erb (Duration: 3.3ms | Allocations: 3006)
Completed 200 OK in 4ms (Views: 3.5ms | ActiveRecord: 0.1ms | Allocations: 3312)


Started GET "/people" for ::1 at 2023-05-24 10:19:18 +0900
Processing by PeopleController#index as HTML
  Rendering layout layouts/application.html.erb
  Rendering people/index.html.erb within layouts/application
  [1m[36mPerson Load (0.1ms)[0m  [1m[34mSELECT "people".* FROM "people"[0m
  ↳ app/views/people/index.html.erb:9
  Rendered people/index.html.erb within layouts/application (Duration: 0.9ms | Allocations: 646)
  Rendered layout layouts/application.html.erb (Duration: 3.4ms | Allocations: 3003)
Completed 200 OK in 4ms (Views: 3.6ms | ActiveRecord: 0.1ms | Allocations: 3309)


